[0.007s] Invoking command in '/home/aria/lidarslam_ws/src/LIO-SAM/build/lio_sam': CMAKE_PREFIX_PATH=/home/aria/lidarslam_ws/install/scanmatcher:/home/aria/lidarslam_ws/install/practice_package:/home/aria/lidarslam_ws/install/graph_based_slam:/home/aria/lidarslam_ws/install/ndt_omp_ros2:/home/aria/lidarslam_ws/install/my_robot_control:/home/aria/lidarslam_ws/install/my_livox_publisher:/home/aria/lidarslam_ws/install/livox_ros_driver2:/opt/ros/humble:/home/aria/lidarslam_ws/install/lio_sam:/home/aria/lidarslam_ws/install/lidarslam_msgs /usr/bin/cmake /home/aria/lidarslam_ws/src/LIO-SAM -DCMAKE_INSTALL_PREFIX=/home/aria/lidarslam_ws/src/LIO-SAM/install/lio_sam
[0.063s] -- The C compiler identification is GNU 11.4.0
[0.100s] -- The CXX compiler identification is GNU 11.4.0
[0.105s] -- Detecting C compiler ABI info
[0.150s] -- Detecting C compiler ABI info - done
[0.154s] -- Check for working C compiler: /usr/bin/cc - skipped
[0.155s] -- Detecting C compile features
[0.155s] -- Detecting C compile features - done
[0.157s] -- Detecting CXX compiler ABI info
[0.239s] -- Detecting CXX compiler ABI info - done
[0.245s] -- Check for working CXX compiler: /usr/bin/c++ - skipped
[0.245s] -- Detecting CXX compile features
[0.245s] -- Detecting CXX compile features - done
[0.247s] -- Found ament_cmake: 1.3.9 (/opt/ros/humble/share/ament_cmake/cmake)
[0.394s] -- Found Python3: /usr/bin/python3 (found version "3.10.12") found components: Interpreter 
[0.457s] -- Found rosidl_default_generators: 1.2.0 (/opt/ros/humble/share/rosidl_default_generators/cmake)
[0.460s] -- Using all available rosidl_typesupport_c: rosidl_typesupport_fastrtps_c;rosidl_typesupport_introspection_c
[0.464s] -- Found rosidl_adapter: 3.1.5 (/opt/ros/humble/share/rosidl_adapter/cmake)
[0.491s] -- Using all available rosidl_typesupport_cpp: rosidl_typesupport_fastrtps_cpp;rosidl_typesupport_introspection_cpp
[0.515s] -- Found rosidl_default_runtime: 1.2.0 (/opt/ros/humble/share/rosidl_default_runtime/cmake)
[0.517s] -- Found rclcpp: 16.0.9 (/opt/ros/humble/share/rclcpp/cmake)
[0.570s] -- Found rmw_implementation_cmake: 6.1.2 (/opt/ros/humble/share/rmw_implementation_cmake/cmake)
[0.572s] -- Found rmw_fastrtps_cpp: 6.2.6 (/opt/ros/humble/share/rmw_fastrtps_cpp/cmake)
[0.634s] -- Found OpenSSL: /usr/lib/x86_64-linux-gnu/libcrypto.so (found version "3.0.2")  
[0.651s] -- Found FastRTPS: /opt/ros/humble/include  
[0.680s] -- Using RMW implementation 'rmw_fastrtps_cpp' as default
[0.687s] -- Looking for pthread.h
[0.732s] -- Looking for pthread.h - found
[0.733s] -- Performing Test CMAKE_HAVE_LIBC_PTHREAD
[0.780s] -- Performing Test CMAKE_HAVE_LIBC_PTHREAD - Success
[0.780s] -- Found Threads: TRUE  
[0.889s] -- Found rclpy: 3.3.13 (/opt/ros/humble/share/rclpy/cmake)
[0.890s] -- Found cv_bridge: 3.2.1 (/opt/ros/humble/share/cv_bridge/cmake)
[0.986s] -- Found nav_msgs: 4.2.3 (/opt/ros/humble/share/nav_msgs/cmake)
[1.042s] -- Found visualization_msgs: 4.2.3 (/opt/ros/humble/share/visualization_msgs/cmake)
[1.123s] -- Found pcl_msgs: 1.0.0 (/opt/ros/humble/share/pcl_msgs/cmake)
[1.188s] -- Found tf2: 0.25.6 (/opt/ros/humble/share/tf2/cmake)
[1.197s] -- Found tf2_geometry_msgs: 0.25.6 (/opt/ros/humble/share/tf2_geometry_msgs/cmake)
[1.207s] -- Found eigen3_cmake_module: 0.1.1 (/opt/ros/humble/share/eigen3_cmake_module/cmake)
[1.208s] -- Found Eigen3: TRUE (found version "3.4.0") 
[1.208s] -- Ensuring Eigen3 include directory is part of orocos-kdl CMake target
[1.440s] -- Found tf2_sensor_msgs: 0.25.6 (/opt/ros/humble/share/tf2_sensor_msgs/cmake)
[1.454s] -- Found tf2_eigen: 0.25.6 (/opt/ros/humble/share/tf2_eigen/cmake)
[1.459s] -- Found OpenCV: /usr (found version "4.5.4") 
[1.468s] -- Checking for module 'eigen3'
[1.485s] --   Found eigen3, version 3.4.0
[1.505s] -- Found Eigen: /usr/include/eigen3 (Required is at least version "3.1") 
[1.505s] -- Eigen found (include: /usr/include/eigen3, version: 3.4.0)
[1.519s] -- Found Boost: /usr/lib/x86_64-linux-gnu/cmake/Boost-1.74.0/BoostConfig.cmake (found suitable version "1.74.0", minimum required is "1.65.0") found components: system filesystem date_time iostreams serialization 
[1.528s] -- Checking for module 'flann'
[1.537s] --   Found flann, version 1.9.1
[1.560s] -- Found FLANN: /usr/lib/x86_64-linux-gnu/libflann_cpp.so  
[1.560s] -- FLANN found (include: /usr/include, lib: /usr/lib/x86_64-linux-gnu/libflann_cpp.so)
[1.586s] -- Found GLEW: /usr/lib/x86_64-linux-gnu/libGLEW.so  
[1.590s] -- Found OpenGL: /usr/lib/x86_64-linux-gnu/libOpenGL.so  found components: OpenGL GLX 
[1.684s] -- Found MPI_C: /usr/lib/x86_64-linux-gnu/libmpi.so (found version "3.1") 
[1.684s] -- Found MPI: TRUE (found version "3.1") found components: C 
[1.686s] -- Found JsonCpp: /usr/lib/x86_64-linux-gnu/libjsoncpp.so (found suitable version "1.9.5", minimum required is "0.7.0") 
[1.691s] -- Found ZLIB: /usr/lib/x86_64-linux-gnu/libz.so (found version "1.2.11") 
[1.701s] -- Found PNG: /usr/lib/x86_64-linux-gnu/libpng.so (found version "1.6.37") 
[1.710s] -- Found Eigen3: /usr/include/eigen3 (found version "3.4.0") 
[1.765s] -- Found X11: /usr/include   
[1.765s] -- Looking for XOpenDisplay in /usr/lib/x86_64-linux-gnu/libX11.so;/usr/lib/x86_64-linux-gnu/libXext.so
[1.811s] -- Looking for XOpenDisplay in /usr/lib/x86_64-linux-gnu/libX11.so;/usr/lib/x86_64-linux-gnu/libXext.so - found
[1.811s] -- Looking for gethostbyname
[1.856s] -- Looking for gethostbyname - found
[1.856s] -- Looking for connect
[1.900s] -- Looking for connect - found
[1.900s] -- Looking for remove
[1.945s] -- Looking for remove - found
[1.945s] -- Looking for shmat
[1.989s] -- Looking for shmat - found
[1.989s] -- Looking for IceConnectionNumber in ICE
[2.034s] -- Looking for IceConnectionNumber in ICE - found
[2.084s] -- Found EXPAT: /usr/lib/x86_64-linux-gnu/libexpat.so (found version "2.4.7") 
[2.085s] -- Found double-conversion: /usr/lib/x86_64-linux-gnu/libdouble-conversion.so  
[2.087s] -- Found LZ4: /usr/lib/x86_64-linux-gnu/liblz4.so (found version "1.9.3") 
[2.088s] -- Found LZMA: /usr/lib/x86_64-linux-gnu/liblzma.so (found version "5.2.5") 
[2.095s] -- Found JPEG: /usr/lib/x86_64-linux-gnu/libjpeg.so (found version "80") 
[2.098s] -- Found TIFF: /usr/lib/x86_64-linux-gnu/libtiff.so (found version "4.3.0")  
[2.100s] -- Found Freetype: /usr/lib/x86_64-linux-gnu/libfreetype.so (found version "2.11.1") 
[2.105s] -- Found utf8cpp: /usr/include/utf8cpp  
[2.165s] -- Checking for module 'libusb-1.0'
[2.174s] --   Found libusb-1.0, version 1.0.25
[2.195s] -- Found libusb: /usr/lib/x86_64-linux-gnu/libusb-1.0.so  
[2.195s] -- Found OpenNI: /usr/lib/libOpenNI.so;libusb::libusb (found version "1.5.4.0") 
[2.195s] -- OpenNI found (version: 1.5.4.0, include: /usr/include/ni, lib: /usr/lib/libOpenNI.so;libusb::libusb)
[2.228s] -- Found OpenNI2: /usr/lib/x86_64-linux-gnu/libOpenNI2.so;libusb::libusb (found version "2.2.0.33") 
[2.228s] -- OpenNI2 found (version: 2.2.0.33, include: /usr/include/openni2, lib: /usr/lib/x86_64-linux-gnu/libOpenNI2.so;libusb::libusb)
[2.228s] [0m** WARNING ** io features related to pcap will be disabled[0m
[2.328s] -- Eigen found (include: /usr/include/eigen3, version: 3.4.0)
[2.332s] -- OpenNI found (version: 1.5.4.0, include: /usr/include/ni, lib: /usr/lib/libOpenNI.so;libusb::libusb)
[2.338s] -- OpenNI2 found (version: 2.2.0.33, include: /usr/include/openni2, lib: /usr/lib/x86_64-linux-gnu/libOpenNI2.so;libusb::libusb)
[2.432s] -- Found Qhull version 8.0.2
[2.527s] -- OpenNI found (version: 1.5.4.0, include: /usr/include/ni, lib: /usr/lib/libOpenNI.so;libusb::libusb)
[2.622s] -- looking for PCL_COMMON
[2.622s] -- Found PCL_COMMON: /usr/lib/x86_64-linux-gnu/libpcl_common.so  
[2.622s] -- looking for PCL_KDTREE
[2.622s] -- Found PCL_KDTREE: /usr/lib/x86_64-linux-gnu/libpcl_kdtree.so  
[2.623s] -- looking for PCL_OCTREE
[2.623s] -- Found PCL_OCTREE: /usr/lib/x86_64-linux-gnu/libpcl_octree.so  
[2.623s] -- looking for PCL_SEARCH
[2.623s] -- Found PCL_SEARCH: /usr/lib/x86_64-linux-gnu/libpcl_search.so  
[2.624s] -- looking for PCL_SAMPLE_CONSENSUS
[2.624s] -- Found PCL_SAMPLE_CONSENSUS: /usr/lib/x86_64-linux-gnu/libpcl_sample_consensus.so  
[2.624s] -- looking for PCL_FILTERS
[2.624s] -- Found PCL_FILTERS: /usr/lib/x86_64-linux-gnu/libpcl_filters.so  
[2.625s] -- looking for PCL_2D
[2.625s] -- Found PCL_2D: /usr/include/pcl-1.12  
[2.625s] -- looking for PCL_GEOMETRY
[2.625s] -- Found PCL_GEOMETRY: /usr/include/pcl-1.12  
[2.625s] -- looking for PCL_IO
[2.625s] -- Found PCL_IO: /usr/lib/x86_64-linux-gnu/libpcl_io.so  
[2.626s] -- looking for PCL_FEATURES
[2.627s] -- Found PCL_FEATURES: /usr/lib/x86_64-linux-gnu/libpcl_features.so  
[2.627s] -- looking for PCL_ML
[2.627s] -- Found PCL_ML: /usr/lib/x86_64-linux-gnu/libpcl_ml.so  
[2.627s] -- looking for PCL_SEGMENTATION
[2.628s] -- Found PCL_SEGMENTATION: /usr/lib/x86_64-linux-gnu/libpcl_segmentation.so  
[2.628s] -- looking for PCL_VISUALIZATION
[2.629s] -- Found PCL_VISUALIZATION: /usr/lib/x86_64-linux-gnu/libpcl_visualization.so  
[2.629s] -- looking for PCL_SURFACE
[2.629s] -- Found PCL_SURFACE: /usr/lib/x86_64-linux-gnu/libpcl_surface.so  
[2.629s] -- looking for PCL_REGISTRATION
[2.630s] -- Found PCL_REGISTRATION: /usr/lib/x86_64-linux-gnu/libpcl_registration.so  
[2.630s] -- looking for PCL_KEYPOINTS
[2.630s] -- Found PCL_KEYPOINTS: /usr/lib/x86_64-linux-gnu/libpcl_keypoints.so  
[2.630s] -- looking for PCL_TRACKING
[2.631s] -- Found PCL_TRACKING: /usr/lib/x86_64-linux-gnu/libpcl_tracking.so  
[2.631s] -- looking for PCL_RECOGNITION
[2.631s] -- Found PCL_RECOGNITION: /usr/lib/x86_64-linux-gnu/libpcl_recognition.so  
[2.632s] -- looking for PCL_STEREO
[2.632s] -- Found PCL_STEREO: /usr/lib/x86_64-linux-gnu/libpcl_stereo.so  
[2.632s] -- looking for PCL_APPS
[2.633s] -- Found PCL_APPS: /usr/lib/x86_64-linux-gnu/libpcl_apps.so  
[2.633s] -- looking for PCL_IN_HAND_SCANNER
[2.633s] -- Found PCL_IN_HAND_SCANNER: /usr/include/pcl-1.12  
[2.633s] -- looking for PCL_MODELER
[2.633s] -- Found PCL_MODELER: /usr/include/pcl-1.12  
[2.633s] -- looking for PCL_POINT_CLOUD_EDITOR
[2.634s] -- Found PCL_POINT_CLOUD_EDITOR: /usr/include/pcl-1.12  
[2.635s] -- looking for PCL_OUTOFCORE
[2.635s] -- Found PCL_OUTOFCORE: /usr/lib/x86_64-linux-gnu/libpcl_outofcore.so  
[2.635s] -- looking for PCL_PEOPLE
[2.635s] -- Found PCL_PEOPLE: /usr/lib/x86_64-linux-gnu/libpcl_people.so  
[2.636s] -- Found PCL: pcl_common;pcl_kdtree;pcl_octree;pcl_search;pcl_sample_consensus;pcl_filters;pcl_io;pcl_features;pcl_ml;pcl_segmentation;pcl_visualization;pcl_surface;pcl_registration;pcl_keypoints;pcl_tracking;pcl_recognition;pcl_stereo;pcl_apps;pcl_outofcore;pcl_people;Boost::system;Boost::filesystem;Boost::date_time;Boost::iostreams;Boost::serialization;/usr/lib/libOpenNI.so;libusb::libusb;/usr/lib/x86_64-linux-gnu/libOpenNI2.so;libusb::libusb;VTK::ChartsCore;VTK::CommonColor;VTK::CommonComputationalGeometry;VTK::CommonCore;VTK::CommonDataModel;VTK::CommonExecutionModel;VTK::CommonMath;VTK::CommonMisc;VTK::CommonTransforms;VTK::FiltersCore;VTK::FiltersExtraction;VTK::FiltersGeneral;VTK::FiltersGeometry;VTK::FiltersModeling;VTK::FiltersSources;VTK::ImagingCore;VTK::ImagingSources;VTK::InteractionImage;VTK::InteractionStyle;VTK::InteractionWidgets;VTK::IOCore;VTK::IOGeometry;VTK::IOImage;VTK::IOLegacy;VTK::IOPLY;VTK::RenderingAnnotation;VTK::RenderingCore;VTK::RenderingContext2D;VTK::RenderingLOD;VTK::RenderingFreeType;VTK::ViewsCore;VTK::ViewsContext2D;VTK::RenderingOpenGL2;VTK::GUISupportQt;FLANN::FLANN;QHULL::QHULL  
[2.652s] -- Found Boost: /usr/lib/x86_64-linux-gnu/cmake/Boost-1.74.0/BoostConfig.cmake (found suitable version "1.74.0", minimum required is "1.65") found components: serialization system filesystem thread program_options date_time timer chrono regex 
[2.653s] -- GTSAM include directory:  /usr/lib/cmake/GTSAM/../../../include
[2.658s] -- Found Eigen: /usr/include/eigen3  
[2.658s] -- Eigen found (include: /usr/include/eigen3, version: 3.4.0)
[2.810s] -- Found OpenMP_C: -fopenmp (found version "4.5") 
[2.866s] -- Found OpenMP_CXX: -fopenmp (found version "4.5") 
[2.866s] -- Found OpenMP: TRUE (found version "4.5")  
[3.068s] -- Found ament_cmake_ros: 0.10.0 (/opt/ros/humble/share/ament_cmake_ros/cmake)
[3.253s] -- Using all available rosidl_typesupport_c: rosidl_typesupport_fastrtps_c;rosidl_typesupport_introspection_c
[3.493s] -- Using all available rosidl_typesupport_cpp: rosidl_typesupport_fastrtps_cpp;rosidl_typesupport_introspection_cpp
[3.509s] -- Found PythonInterp: /usr/bin/python3 (found suitable version "3.10.12", minimum required is "3.6") 
[3.510s] -- Found python_cmake_module: 0.10.0 (/opt/ros/humble/share/python_cmake_module/cmake)
[3.528s] -- Found PythonLibs: /usr/lib/x86_64-linux-gnu/libpython3.10.so (found suitable version "3.10.12", minimum required is "3.5") 
[3.528s] -- Using PYTHON_EXECUTABLE: /usr/bin/python3
[3.528s] -- Using PYTHON_INCLUDE_DIRS: /usr/include/python3.10
[3.528s] -- Using PYTHON_LIBRARIES: /usr/lib/x86_64-linux-gnu/libpython3.10.so
[3.543s] -- Found PythonExtra: .so  
[3.777s] -- Found ament_lint_auto: 0.12.11 (/opt/ros/humble/share/ament_lint_auto/cmake)
[3.790s] -- Added test 'copyright' to check source files copyright and LICENSE
[3.795s] -- Added test 'cppcheck' to perform static code analysis on C / C++ code
[3.797s] -- Configured cppcheck include dirs: /home/aria/lidarslam_ws/src/LIO-SAM/include/lio_sam;/home/aria/lidarslam_ws/src/LIO-SAM/include;/home/aria/lidarslam_ws/src/LIO-SAM/livox_ros_driver2;$<BUILD_INTERFACE:/home/aria/lidarslam_ws/src/LIO-SAM/build/lio_sam/rosidl_generator_c>;$<BUILD_INTERFACE:/home/aria/lidarslam_ws/src/LIO-SAM/build/lio_sam/rosidl_typesupport_fastrtps_c>;$<BUILD_INTERFACE:/home/aria/lidarslam_ws/src/LIO-SAM/build/lio_sam/rosidl_typesupport_introspection_c>;$<BUILD_INTERFACE:/home/aria/lidarslam_ws/src/LIO-SAM/build/lio_sam/rosidl_generator_cpp>;$<BUILD_INTERFACE:/home/aria/lidarslam_ws/src/LIO-SAM/build/lio_sam/rosidl_typesupport_fastrtps_cpp>;$<BUILD_INTERFACE:/home/aria/lidarslam_ws/src/LIO-SAM/build/lio_sam/rosidl_typesupport_introspection_cpp>;/home/aria/lidarslam_ws/src/LIO-SAM/build/lio_sam/rosidl_generator_c;/home/aria/lidarslam_ws/src/LIO-SAM/build/lio_sam/rosidl_generator_py
[3.797s] -- Configured cppcheck exclude dirs and/or files: 
[3.802s] -- Added test 'cpplint' to check C / C++ code against the Google style
[3.802s] -- Configured cpplint exclude dirs and/or files: 
[3.803s] -- Added test 'flake8' to check Python code syntax and style conventions
[3.805s] -- Added test 'lint_cmake' to check CMake code style
[3.805s] -- Added test 'pep257' to check Python code against some of the docstring style conventions in PEP 257
[3.811s] -- Added test 'uncrustify' to check C / C++ code style
[3.811s] -- Configured uncrustify additional arguments: 
[3.811s] -- Added test 'xmllint' to check XML markup files
[3.813s] -- Configuring done
[3.891s] -- Generating done
[3.894s] -- Build files have been written to: /home/aria/lidarslam_ws/src/LIO-SAM/build/lio_sam
[3.910s] Invoked command in '/home/aria/lidarslam_ws/src/LIO-SAM/build/lio_sam' returned '0': CMAKE_PREFIX_PATH=/home/aria/lidarslam_ws/install/scanmatcher:/home/aria/lidarslam_ws/install/practice_package:/home/aria/lidarslam_ws/install/graph_based_slam:/home/aria/lidarslam_ws/install/ndt_omp_ros2:/home/aria/lidarslam_ws/install/my_robot_control:/home/aria/lidarslam_ws/install/my_livox_publisher:/home/aria/lidarslam_ws/install/livox_ros_driver2:/opt/ros/humble:/home/aria/lidarslam_ws/install/lio_sam:/home/aria/lidarslam_ws/install/lidarslam_msgs /usr/bin/cmake /home/aria/lidarslam_ws/src/LIO-SAM -DCMAKE_INSTALL_PREFIX=/home/aria/lidarslam_ws/src/LIO-SAM/install/lio_sam
[3.910s] Invoking command in '/home/aria/lidarslam_ws/src/LIO-SAM/build/lio_sam': CMAKE_PREFIX_PATH=/home/aria/lidarslam_ws/install/scanmatcher:/home/aria/lidarslam_ws/install/practice_package:/home/aria/lidarslam_ws/install/graph_based_slam:/home/aria/lidarslam_ws/install/ndt_omp_ros2:/home/aria/lidarslam_ws/install/my_robot_control:/home/aria/lidarslam_ws/install/my_livox_publisher:/home/aria/lidarslam_ws/install/livox_ros_driver2:/opt/ros/humble:/home/aria/lidarslam_ws/install/lio_sam:/home/aria/lidarslam_ws/install/lidarslam_msgs /usr/bin/cmake --build /home/aria/lidarslam_ws/src/LIO-SAM/build/lio_sam -- -j32 -l32
[3.938s] [  2%] [34m[1mGenerating C code for ROS interfaces[0m
[3.944s] [  4%] [34m[1mGenerating C++ code for ROS interfaces[0m
[3.949s] [  4%] Built target ament_cmake_python_copy_lio_sam
[4.084s] running egg_info
[4.085s] creating lio_sam.egg-info
[4.085s] writing lio_sam.egg-info/PKG-INFO
[4.085s] writing dependency_links to lio_sam.egg-info/dependency_links.txt
[4.085s] writing top-level names to lio_sam.egg-info/top_level.txt
[4.085s] writing manifest file 'lio_sam.egg-info/SOURCES.txt'
[4.086s] reading manifest file 'lio_sam.egg-info/SOURCES.txt'
[4.086s] writing manifest file 'lio_sam.egg-info/SOURCES.txt'
[4.102s] [  4%] Built target ament_cmake_python_build_lio_sam_egg
[4.190s] [  4%] Built target lio_sam__cpp
[4.196s] [  6%] [32mBuilding C object CMakeFiles/lio_sam__rosidl_generator_c.dir/rosidl_generator_c/lio_sam/msg/detail/cloud_info__functions.c.o[0m
[4.196s] [ 10%] [32mBuilding C object CMakeFiles/lio_sam__rosidl_generator_c.dir/rosidl_generator_c/lio_sam/srv/detail/save_map__functions.c.o[0m
[4.196s] [ 10%] [34m[1mGenerating C++ type support dispatch for ROS interfaces[0m
[4.196s] [ 12%] [34m[1mGenerating C++ type support for eProsima Fast-RTPS[0m
[4.196s] [ 14%] [34m[1mGenerating C++ introspection for ROS interfaces[0m
[4.283s] [ 17%] [32m[1mLinking C shared library liblio_sam__rosidl_generator_c.so[0m
[4.307s] [ 17%] Built target lio_sam__rosidl_generator_c
[4.313s] [ 19%] [34m[1mGenerating C type support for eProsima Fast-RTPS[0m
[4.313s] [ 23%] [34m[1mGenerating C introspection for ROS interfaces[0m
[4.313s] [ 23%] [34m[1mGenerating C type support dispatch for ROS interfaces[0m
[4.409s] [ 27%] [32mBuilding CXX object CMakeFiles/lio_sam__rosidl_typesupport_cpp.dir/rosidl_typesupport_cpp/lio_sam/srv/save_map__type_support.cpp.o[0m
[4.409s] [ 27%] [32mBuilding CXX object CMakeFiles/lio_sam__rosidl_typesupport_cpp.dir/rosidl_typesupport_cpp/lio_sam/msg/cloud_info__type_support.cpp.o[0m
[4.427s] [ 29%] [32mBuilding CXX object CMakeFiles/lio_sam__rosidl_typesupport_introspection_cpp.dir/rosidl_typesupport_introspection_cpp/lio_sam/msg/detail/cloud_info__type_support.cpp.o[0m
[4.429s] [ 31%] [32mBuilding CXX object CMakeFiles/lio_sam__rosidl_typesupport_introspection_cpp.dir/rosidl_typesupport_introspection_cpp/lio_sam/srv/detail/save_map__type_support.cpp.o[0m
[4.429s] [ 34%] [32mBuilding CXX object CMakeFiles/lio_sam__rosidl_typesupport_fastrtps_cpp.dir/rosidl_typesupport_fastrtps_cpp/lio_sam/msg/detail/dds_fastrtps/cloud_info__type_support.cpp.o[0m
[4.431s] [ 36%] [32mBuilding CXX object CMakeFiles/lio_sam__rosidl_typesupport_fastrtps_cpp.dir/rosidl_typesupport_fastrtps_cpp/lio_sam/srv/detail/dds_fastrtps/save_map__type_support.cpp.o[0m
[4.521s] [ 38%] [32mBuilding CXX object CMakeFiles/lio_sam__rosidl_typesupport_c.dir/rosidl_typesupport_c/lio_sam/msg/cloud_info__type_support.cpp.o[0m
[4.523s] [ 40%] [32mBuilding CXX object CMakeFiles/lio_sam__rosidl_typesupport_c.dir/rosidl_typesupport_c/lio_sam/srv/save_map__type_support.cpp.o[0m
[4.549s] [ 42%] [32m[1mLinking CXX shared library liblio_sam__rosidl_typesupport_c.so[0m
[4.551s] [ 46%] [32mBuilding C object CMakeFiles/lio_sam__rosidl_typesupport_introspection_c.dir/rosidl_typesupport_introspection_c/lio_sam/msg/detail/cloud_info__type_support.c.o[0m
[4.551s] [ 46%] [32mBuilding CXX object CMakeFiles/lio_sam__rosidl_typesupport_fastrtps_c.dir/rosidl_typesupport_fastrtps_c/lio_sam/msg/detail/cloud_info__type_support_c.cpp.o[0m
[4.552s] [ 51%] [32mBuilding CXX object CMakeFiles/lio_sam__rosidl_typesupport_fastrtps_c.dir/rosidl_typesupport_fastrtps_c/lio_sam/srv/detail/save_map__type_support_c.cpp.o[0m
[4.552s] [ 51%] [32mBuilding C object CMakeFiles/lio_sam__rosidl_typesupport_introspection_c.dir/rosidl_typesupport_introspection_c/lio_sam/srv/detail/save_map__type_support.c.o[0m
[4.570s] [ 53%] [32m[1mLinking CXX shared library liblio_sam__rosidl_typesupport_cpp.so[0m
[4.575s] [ 53%] Built target lio_sam__rosidl_typesupport_c
[4.594s] [ 55%] [32m[1mLinking C shared library liblio_sam__rosidl_typesupport_introspection_c.so[0m
[4.595s] [ 55%] Built target lio_sam__rosidl_typesupport_cpp
[4.609s] [ 57%] [32mBuilding CXX object CMakeFiles/lio_sam_featureExtraction.dir/src/featureExtraction.cpp.o[0m
[4.613s] [ 63%] [32mBuilding CXX object CMakeFiles/lio_sam_imageProjection.dir/src/imageProjection.cpp.o[0m
[4.613s] [ 63%] [32mBuilding CXX object CMakeFiles/lio_sam_imuPreintegration.dir/src/imuPreintegration.cpp.o[0m
[4.613s] [ 63%] [32mBuilding CXX object CMakeFiles/lio_sam_mapOptimization.dir/src/mapOptmization.cpp.o[0m
[4.615s] [ 63%] Built target lio_sam__rosidl_typesupport_introspection_c
[4.762s] [ 65%] [32m[1mLinking CXX shared library liblio_sam__rosidl_typesupport_introspection_cpp.so[0m
[4.790s] [ 68%] [32m[1mLinking CXX shared library liblio_sam__rosidl_typesupport_fastrtps_c.so[0m
[4.801s] [ 70%] [32m[1mLinking CXX shared library liblio_sam__rosidl_typesupport_fastrtps_cpp.so[0m
[4.808s] [ 70%] Built target lio_sam__rosidl_typesupport_introspection_cpp
[4.837s] [ 70%] Built target lio_sam__rosidl_typesupport_fastrtps_c
[4.849s] [ 70%] Built target lio_sam__rosidl_typesupport_fastrtps_cpp
[4.863s] [ 70%] Built target lio_sam
[4.876s] [ 72%] [34m[1mGenerating Python code for ROS interfaces[0m
[5.258s] [ 72%] Built target lio_sam__py
[5.270s] [ 74%] [32mBuilding C object CMakeFiles/lio_sam__rosidl_generator_py.dir/rosidl_generator_py/lio_sam/msg/_cloud_info_s.c.o[0m
[5.270s] [ 76%] [32mBuilding C object CMakeFiles/lio_sam__rosidl_generator_py.dir/rosidl_generator_py/lio_sam/srv/_save_map_s.c.o[0m
[5.423s] [ 78%] [32m[1mLinking C shared library rosidl_generator_py/lio_sam/liblio_sam__rosidl_generator_py.so[0m
[5.454s] [ 78%] Built target lio_sam__rosidl_generator_py
[5.467s] [ 85%] [32mBuilding C object CMakeFiles/lio_sam__rosidl_typesupport_fastrtps_c__pyext.dir/rosidl_generator_py/lio_sam/_lio_sam_s.ep.rosidl_typesupport_fastrtps_c.c.o[0m
[5.467s] [ 85%] [32mBuilding C object CMakeFiles/lio_sam__rosidl_typesupport_c__pyext.dir/rosidl_generator_py/lio_sam/_lio_sam_s.ep.rosidl_typesupport_c.c.o[0m
[5.467s] [ 85%] [32mBuilding C object CMakeFiles/lio_sam__rosidl_typesupport_introspection_c__pyext.dir/rosidl_generator_py/lio_sam/_lio_sam_s.ep.rosidl_typesupport_introspection_c.c.o[0m
[5.554s] [ 87%] [32m[1mLinking C shared library rosidl_generator_py/lio_sam/lio_sam_s__rosidl_typesupport_fastrtps_c.cpython-310-x86_64-linux-gnu.so[0m
[5.556s] [ 89%] [32m[1mLinking C shared library rosidl_generator_py/lio_sam/lio_sam_s__rosidl_typesupport_c.cpython-310-x86_64-linux-gnu.so[0m
[5.557s] [ 91%] [32m[1mLinking C shared library rosidl_generator_py/lio_sam/lio_sam_s__rosidl_typesupport_introspection_c.cpython-310-x86_64-linux-gnu.so[0m
[5.580s] [ 91%] Built target lio_sam__rosidl_typesupport_fastrtps_c__pyext
[5.582s] [ 91%] Built target lio_sam__rosidl_typesupport_c__pyext
[5.582s] [ 91%] Built target lio_sam__rosidl_typesupport_introspection_c__pyext
[11.702s] In file included from [01m[K/opt/ros/humble/include/rclcpp/rclcpp/subscription_base.hpp:32[m[K,
[11.702s]                  from [01m[K/opt/ros/humble/include/rclcpp/rclcpp/callback_group.hpp:29[m[K,
[11.703s]                  from [01m[K/opt/ros/humble/include/rclcpp/rclcpp/any_executable.hpp:20[m[K,
[11.703s]                  from [01m[K/opt/ros/humble/include/rclcpp/rclcpp/memory_strategy.hpp:25[m[K,
[11.703s]                  from [01m[K/opt/ros/humble/include/rclcpp/rclcpp/memory_strategies.hpp:18[m[K,
[11.703s]                  from [01m[K/opt/ros/humble/include/rclcpp/rclcpp/executor_options.hpp:20[m[K,
[11.703s]                  from [01m[K/opt/ros/humble/include/rclcpp/rclcpp/executor.hpp:37[m[K,
[11.703s]                  from [01m[K/opt/ros/humble/include/rclcpp/rclcpp/executors/multi_threaded_executor.hpp:25[m[K,
[11.703s]                  from [01m[K/opt/ros/humble/include/rclcpp/rclcpp/executors.hpp:21[m[K,
[11.703s]                  from [01m[K/opt/ros/humble/include/rclcpp/rclcpp/rclcpp.hpp:155[m[K,
[11.703s]                  from [01m[K/home/aria/lidarslam_ws/src/LIO-SAM/include/lio_sam/utility.hpp:6[m[K,
[11.704s]                  from [01m[K/home/aria/lidarslam_ws/src/LIO-SAM/src/imageProjection.cpp:1[m[K:
[11.704s] /opt/ros/humble/include/rclcpp/rclcpp/any_subscription_callback.hpp: In instantiation of ‘[01m[Krclcpp::AnySubscriptionCallback<MessageT, AllocatorT> rclcpp::AnySubscriptionCallback<MessageT, AllocatorT>::set(CallbackT) [with CallbackT = std::_Bind<void (ImageProjection::*(ImageProjection*, std::_Placeholder<1>))(const std::shared_ptr<livox_ros_driver2::CustomMsg_<std::allocator<void> > >&)>; MessageT = livox_ros_driver2::CustomMsg_<std::allocator<void> >; AllocatorT = std::allocator<void>][m[K’:
[11.704s] [01m[K/opt/ros/humble/include/rclcpp/rclcpp/subscription_factory.hpp:94:32:[m[K   required from ‘[01m[Krclcpp::SubscriptionFactory rclcpp::create_subscription_factory(CallbackT&&, const rclcpp::SubscriptionOptionsWithAllocator<AllocatorT>&, typename MessageMemoryStrategyT::SharedPtr, std::shared_ptr<rclcpp::topic_statistics::SubscriptionTopicStatistics<ROSMessageType> >) [with MessageT = livox_ros_driver2::CustomMsg_<std::allocator<void> >; CallbackT = std::_Bind<void (ImageProjection::*(ImageProjection*, std::_Placeholder<1>))(const std::shared_ptr<livox_ros_driver2::CustomMsg_<std::allocator<void> > >&)>; AllocatorT = std::allocator<void>; SubscriptionT = rclcpp::Subscription<livox_ros_driver2::CustomMsg_<std::allocator<void> > >; MessageMemoryStrategyT = rclcpp::message_memory_strategy::MessageMemoryStrategy<livox_ros_driver2::CustomMsg_<std::allocator<void> >, std::allocator<void> >; ROSMessageType = livox_ros_driver2::CustomMsg_<std::allocator<void> >; typename MessageMemoryStrategyT::SharedPtr = std::shared_ptr<rclcpp::message_memory_strategy::MessageMemoryStrategy<livox_ros_driver2::CustomMsg_<std::allocator<void> >, std::allocator<void> > >][m[K’
[11.704s] [01m[K/opt/ros/humble/include/rclcpp/rclcpp/create_subscription.hpp:122:63:[m[K   required from ‘[01m[Kstd::shared_ptr<ROSMessageT> rclcpp::detail::create_subscription(NodeParametersT&, NodeTopicsT&, const string&, const rclcpp::QoS&, CallbackT&&, const rclcpp::SubscriptionOptionsWithAllocator<AllocatorT>&, typename MessageMemoryStrategyT::SharedPtr) [with MessageT = livox_ros_driver2::CustomMsg_<std::allocator<void> >; CallbackT = std::_Bind<void (ImageProjection::*(ImageProjection*, std::_Placeholder<1>))(const std::shared_ptr<livox_ros_driver2::CustomMsg_<std::allocator<void> > >&)>; AllocatorT = std::allocator<void>; SubscriptionT = rclcpp::Subscription<livox_ros_driver2::CustomMsg_<std::allocator<void> > >; MessageMemoryStrategyT = rclcpp::message_memory_strategy::MessageMemoryStrategy<livox_ros_driver2::CustomMsg_<std::allocator<void> >, std::allocator<void> >; NodeParametersT = rclcpp::Node; NodeTopicsT = rclcpp::Node; ROSMessageType = livox_ros_driver2::CustomMsg_<std::allocator<void> >; std::string = std::__cxx11::basic_string<char>; typename MessageMemoryStrategyT::SharedPtr = std::shared_ptr<rclcpp::message_memory_strategy::MessageMemoryStrategy<livox_ros_driver2::CustomMsg_<std::allocator<void> >, std::allocator<void> > >][m[K’
[11.704s] [01m[K/opt/ros/humble/include/rclcpp/rclcpp/create_subscription.hpp:191:76:[m[K   required from ‘[01m[Kstd::shared_ptr<ROSMessageT> rclcpp::create_subscription(NodeT&, const string&, const rclcpp::QoS&, CallbackT&&, const rclcpp::SubscriptionOptionsWithAllocator<AllocatorT>&, typename MessageMemoryStrategyT::SharedPtr) [with MessageT = livox_ros_driver2::CustomMsg_<std::allocator<void> >; CallbackT = std::_Bind<void (ImageProjection::*(ImageProjection*, std::_Placeholder<1>))(const std::shared_ptr<livox_ros_driver2::CustomMsg_<std::allocator<void> > >&)>; AllocatorT = std::allocator<void>; SubscriptionT = rclcpp::Subscription<livox_ros_driver2::CustomMsg_<std::allocator<void> > >; MessageMemoryStrategyT = rclcpp::message_memory_strategy::MessageMemoryStrategy<livox_ros_driver2::CustomMsg_<std::allocator<void> >, std::allocator<void> >; NodeT = rclcpp::Node; std::string = std::__cxx11::basic_string<char>; typename MessageMemoryStrategyT::SharedPtr = std::shared_ptr<rclcpp::message_memory_strategy::MessageMemoryStrategy<livox_ros_driver2::CustomMsg_<std::allocator<void> >, std::allocator<void> > >][m[K’
[11.704s] [01m[K/opt/ros/humble/include/rclcpp/rclcpp/node_impl.hpp:99:47:[m[K   required from ‘[01m[Kstd::shared_ptr<ROSMessageT> rclcpp::Node::create_subscription(const string&, const rclcpp::QoS&, CallbackT&&, const rclcpp::SubscriptionOptionsWithAllocator<AllocatorT>&, typename MessageMemoryStrategyT::SharedPtr) [with MessageT = livox_ros_driver2::CustomMsg_<std::allocator<void> >; CallbackT = std::_Bind<void (ImageProjection::*(ImageProjection*, std::_Placeholder<1>))(const std::shared_ptr<livox_ros_driver2::CustomMsg_<std::allocator<void> > >&)>; AllocatorT = std::allocator<void>; SubscriptionT = rclcpp::Subscription<livox_ros_driver2::CustomMsg_<std::allocator<void> > >; MessageMemoryStrategyT = rclcpp::message_memory_strategy::MessageMemoryStrategy<livox_ros_driver2::CustomMsg_<std::allocator<void> >, std::allocator<void> >; std::string = std::__cxx11::basic_string<char>; typename MessageMemoryStrategyT::SharedPtr = std::shared_ptr<rclcpp::message_memory_strategy::MessageMemoryStrategy<livox_ros_driver2::CustomMsg_<std::allocator<void> >, std::allocator<void> > >][m[K’
[11.704s] [01m[K/home/aria/lidarslam_ws/src/LIO-SAM/src/imageProjection.cpp:155:74:[m[K   required from here
[11.704s] [01m[K/opt/ros/humble/include/rclcpp/rclcpp/any_subscription_callback.hpp:394:25:[m[K [01;31m[Kerror: [m[Kno match for ‘[01m[Koperator=[m[K’ (operand types are ‘[01m[Krclcpp::detail::AnySubscriptionCallbackHelper<livox_ros_driver2::CustomMsg_<std::allocator<void> >, std::allocator<void>, false>::variant_type[m[K’ {aka ‘[01m[Kstd::variant<std::function<void(const livox_ros_driver2::CustomMsg_<std::allocator<void> >&)>, std::function<void(const livox_ros_driver2::CustomMsg_<std::allocator<void> >&, const rclcpp::MessageInfo&)>, std::function<void(const rclcpp::SerializedMessage&)>, std::function<void(const rclcpp::SerializedMessage&, const rclcpp::MessageInfo&)>, std::function<void(std::unique_ptr<livox_ros_driver2::CustomMsg_<std::allocator<void> >, std::default_delete<livox_ros_driver2::CustomMsg_<std::allocator<void> > > >)>, std::function<void(std::unique_ptr<livox_ros_driver2::CustomMsg_<std::allocator<void> >, std::default_delete<livox_ros_driver2::CustomMsg_<std::allocator<void> > > >, const rclcpp::MessageInfo&)>, std::function<void(std::unique_ptr<rclcpp::SerializedMessage, std::default_delete<rclcpp::SerializedMessage> >)>, std::function<void(std::unique_ptr<rclcpp::SerializedMessage, std::default_delete<rclcpp::SerializedMessage> >, const rclcpp::MessageInfo&)>, std::function<void(std::shared_ptr<const livox_ros_driver2::CustomMsg_<std::allocator<void> > >)>, std::function<void(std::shared_ptr<const livox_ros_driver2::CustomMsg_<std::allocator<void> > >, const rclcpp::MessageInfo&)>, std::function<void(std::shared_ptr<const rclcpp::SerializedMessage>)>, std::function<void(std::shared_ptr<const rclcpp::SerializedMessage>, const rclcpp::MessageInfo&)>, std::function<void(const std::shared_ptr<const livox_ros_driver2::CustomMsg_<std::allocator<void> > >&)>, std::function<void(const std::shared_ptr<const livox_ros_driver2::CustomMsg_<std::allocator<void> > >&, const rclcpp::MessageInfo&)>, std::function<void(const std::shared_ptr<const rclcpp::SerializedMessage>&)>, std::function<void(const std::shared_ptr<const rclcpp::SerializedMessage>&, const rclcpp::MessageInfo&)>, std::function<void(std::shared_ptr<livox_ros_driver2::CustomMsg_<std::allocator<void> > >)>, std::function<void(std::shared_ptr<livox_ros_driver2::CustomMsg_<std::allocator<void> > >, const rclcpp::MessageInfo&)>, std::function<void(std::shared_ptr<rclcpp::SerializedMessage>)>, std::function<void(std::shared_ptr<rclcpp::SerializedMessage>, const rclcpp::MessageInfo&)> >[m[K’} and ‘[01m[Krclcpp::detail::SubscriptionCallbackTypeHelper<livox_ros_driver2::CustomMsg_<std::allocator<void> >, std::_Bind<void (ImageProjection::*(ImageProjection*, std::_Placeholder<1>))(const std::shared_ptr<livox_ros_driver2::CustomMsg_<std::allocator<void> > >&)>, void>::callback_type[m[K’ {aka ‘[01m[Kstd::function<void(const std::shared_ptr<livox_ros_driver2::CustomMsg_<std::allocator<void> > >&)>[m[K’})
[11.704s]   394 |       [01;31m[Kcallback_variant_ = static_cast<typename scbth::callback_type>(callback)[m[K;
[11.704s]       |       [01;31m[K~~~~~~~~~~~~~~~~~~^~~~~~~~~~~~~~~~~~~~~~~~~~~~~~~~~~~~~~~~~~~~~~~~~~~~~~[m[K
[11.704s] In file included from [01m[K/opt/ros/humble/include/rclcpp/rclcpp/client.hpp:28[m[K,
[11.704s]                  from [01m[K/opt/ros/humble/include/rclcpp/rclcpp/callback_group.hpp:24[m[K,
[11.704s]                  from [01m[K/opt/ros/humble/include/rclcpp/rclcpp/any_executable.hpp:20[m[K,
[11.704s]                  from [01m[K/opt/ros/humble/include/rclcpp/rclcpp/memory_strategy.hpp:25[m[K,
[11.704s]                  from [01m[K/opt/ros/humble/include/rclcpp/rclcpp/memory_strategies.hpp:18[m[K,
[11.704s]                  from [01m[K/opt/ros/humble/include/rclcpp/rclcpp/executor_options.hpp:20[m[K,
[11.704s]                  from [01m[K/opt/ros/humble/include/rclcpp/rclcpp/executor.hpp:37[m[K,
[11.705s]                  from [01m[K/opt/ros/humble/include/rclcpp/rclcpp/executors/multi_threaded_executor.hpp:25[m[K,
[11.705s]                  from [01m[K/opt/ros/humble/include/rclcpp/rclcpp/executors.hpp:21[m[K,
[11.705s]                  from [01m[K/opt/ros/humble/include/rclcpp/rclcpp/rclcpp.hpp:155[m[K,
[11.705s]                  from [01m[K/home/aria/lidarslam_ws/src/LIO-SAM/include/lio_sam/utility.hpp:6[m[K,
[11.705s]                  from [01m[K/home/aria/lidarslam_ws/src/LIO-SAM/src/imageProjection.cpp:1[m[K:
[11.705s] [01m[K/usr/include/c++/11/variant:1461:9:[m[K [01;36m[Knote: [m[Kcandidate: ‘[01m[Ktemplate<class _Tp> std::enable_if_t<((__exactly_once<std::variant<_Types>::__accepted_type<_Tp&&, typename std::enable_if<__not_self<_Tp&&>, void>::type> > && is_constructible_v<std::variant<_Types>::__accepted_type<_Tp&&, typename std::enable_if<__not_self<_Tp&&>, void>::type>, _Tp>) && is_assignable_v<std::variant<_Types>::__accepted_type<_Tp&&, typename std::enable_if<__not_self<_Tp&&>, void>::type>&, _Tp>), std::variant<_Types>&> std::variant<_Types>::operator=(_Tp&&) [with _Tp = _Tp; _Types = {std::function<void(const livox_ros_driver2::CustomMsg_<std::allocator<void> >&)>, std::function<void(const livox_ros_driver2::CustomMsg_<std::allocator<void> >&, const rclcpp::MessageInfo&)>, std::function<void(const rclcpp::SerializedMessage&)>, std::function<void(const rclcpp::SerializedMessage&, const rclcpp::MessageInfo&)>, std::function<void(std::unique_ptr<livox_ros_driver2::CustomMsg_<std::allocator<void> >, std::default_delete<livox_ros_driver2::CustomMsg_<std::allocator<void> > > >)>, std::function<void(std::unique_ptr<livox_ros_driver2::CustomMsg_<std::allocator<void> >, std::default_delete<livox_ros_driver2::CustomMsg_<std::allocator<void> > > >, const rclcpp::MessageInfo&)>, std::function<void(std::unique_ptr<rclcpp::SerializedMessage, std::default_delete<rclcpp::SerializedMessage> >)>, std::function<void(std::unique_ptr<rclcpp::SerializedMessage, std::default_delete<rclcpp::SerializedMessage> >, const rclcpp::MessageInfo&)>, std::function<void(std::shared_ptr<const livox_ros_driver2::CustomMsg_<std::allocator<void> > >)>, std::function<void(std::shared_ptr<const livox_ros_driver2::CustomMsg_<std::allocator<void> > >, const rclcpp::MessageInfo&)>, std::function<void(std::shared_ptr<const rclcpp::SerializedMessage>)>, std::function<void(std::shared_ptr<const rclcpp::SerializedMessage>, const rclcpp::MessageInfo&)>, std::function<void(const std::shared_ptr<const livox_ros_driver2::CustomMsg_<std::allocator<void> > >&)>, std::function<void(const std::shared_ptr<const livox_ros_driver2::CustomMsg_<std::allocator<void> > >&, const rclcpp::MessageInfo&)>, std::function<void(const std::shared_ptr<const rclcpp::SerializedMessage>&)>, std::function<void(const std::shared_ptr<const rclcpp::SerializedMessage>&, const rclcpp::MessageInfo&)>, std::function<void(std::shared_ptr<livox_ros_driver2::CustomMsg_<std::allocator<void> > >)>, std::function<void(std::shared_ptr<livox_ros_driver2::CustomMsg_<std::allocator<void> > >, const rclcpp::MessageInfo&)>, std::function<void(std::shared_ptr<rclcpp::SerializedMessage>)>, std::function<void(std::shared_ptr<rclcpp::SerializedMessage>, const rclcpp::MessageInfo&)>}][m[K’
[11.705s]  1461 |         [01;36m[Koperator[m[K=(_Tp&& __rhs)
[11.705s]       |         [01;36m[K^~~~~~~~[m[K
[11.705s] [01m[K/usr/include/c++/11/variant:1461:9:[m[K [01;36m[Knote: [m[K  template argument deduction/substitution failed:
[11.705s] /usr/include/c++/11/variant: In substitution of ‘[01m[Ktemplate<class ... _Types> template<class _Tp, class> using __accepted_type = std::variant<_Types>::__to_type<__accepted_index<_Tp> > [with _Tp = std::function<void(const std::shared_ptr<livox_ros_driver2::CustomMsg_<std::allocator<void> > >&)>&&; <template-parameter-2-2> = void; _Types = {std::function<void(const livox_ros_driver2::CustomMsg_<std::allocator<void> >&)>, std::function<void(const livox_ros_driver2::CustomMsg_<std::allocator<void> >&, const rclcpp::MessageInfo&)>, std::function<void(const rclcpp::SerializedMessage&)>, std::function<void(const rclcpp::SerializedMessage&, const rclcpp::MessageInfo&)>, std::function<void(std::unique_ptr<livox_ros_driver2::CustomMsg_<std::allocator<void> >, std::default_delete<livox_ros_driver2::CustomMsg_<std::allocator<void> > > >)>, std::function<void(std::unique_ptr<livox_ros_driver2::CustomMsg_<std::allocator<void> >, std::default_delete<livox_ros_driver2::CustomMsg_<std::allocator<void> > > >, const rclcpp::MessageInfo&)>, std::function<void(std::unique_ptr<rclcpp::SerializedMessage, std::default_delete<rclcpp::SerializedMessage> >)>, std::function<void(std::unique_ptr<rclcpp::SerializedMessage, std::default_delete<rclcpp::SerializedMessage> >, const rclcpp::MessageInfo&)>, std::function<void(std::shared_ptr<const livox_ros_driver2::CustomMsg_<std::allocator<void> > >)>, std::function<void(std::shared_ptr<const livox_ros_driver2::CustomMsg_<std::allocator<void> > >, const rclcpp::MessageInfo&)>, std::function<void(std::shared_ptr<const rclcpp::SerializedMessage>)>, std::function<void(std::shared_ptr<const rclcpp::SerializedMessage>, const rclcpp::MessageInfo&)>, std::function<void(const std::shared_ptr<const livox_ros_driver2::CustomMsg_<std::allocator<void> > >&)>, std::function<void(const std::shared_ptr<const livox_ros_driver2::CustomMsg_<std::allocator<void> > >&, const rclcpp::MessageInfo&)>, std::function<void(const std::shared_ptr<const rclcpp::SerializedMessage>&)>, std::function<void(const std::shared_ptr<const rclcpp::SerializedMessage>&, const rclcpp::MessageInfo&)>, std::function<void(std::shared_ptr<livox_ros_driver2::CustomMsg_<std::allocator<void> > >)>, std::function<void(std::shared_ptr<livox_ros_driver2::CustomMsg_<std::allocator<void> > >, const rclcpp::MessageInfo&)>, std::function<void(std::shared_ptr<rclcpp::SerializedMessage>)>, std::function<void(std::shared_ptr<rclcpp::SerializedMessage>, const rclcpp::MessageInfo&)>}][m[K’:
[11.705s] [01m[K/usr/include/c++/11/variant:1457:14:[m[K   required by substitution of ‘[01m[Ktemplate<class _Tp> std::enable_if_t<((__exactly_once<std::variant<std::function<void(const livox_ros_driver2::CustomMsg_<std::allocator<void> >&)>, std::function<void(const livox_ros_driver2::CustomMsg_<std::allocator<void> >&, const rclcpp::MessageInfo&)>, std::function<void(const rclcpp::SerializedMessage&)>, std::function<void(const rclcpp::SerializedMessage&, const rclcpp::MessageInfo&)>, std::function<void(std::unique_ptr<livox_ros_driver2::CustomMsg_<std::allocator<void> >, std::default_delete<livox_ros_driver2::CustomMsg_<std::allocator<void> > > >)>, std::function<void(std::unique_ptr<livox_ros_driver2::CustomMsg_<std::allocator<void> >, std::default_delete<livox_ros_driver2::CustomMsg_<std::allocator<void> > > >, const rclcpp::MessageInfo&)>, std::function<void(std::unique_ptr<rclcpp::SerializedMessage, std::default_delete<rclcpp::SerializedMessage> >)>, std::function<void(std::unique_ptr<rclcpp::SerializedMessage, std::default_delete<rclcpp::SerializedMessage> >, const rclcpp::MessageInfo&)>, std::function<void(std::shared_ptr<const livox_ros_driver2::CustomMsg_<std::allocator<void> > >)>, std::function<void(std::shared_ptr<const livox_ros_driver2::CustomMsg_<std::allocator<void> > >, const rclcpp::MessageInfo&)>, std::function<void(std::shared_ptr<const rclcpp::SerializedMessage>)>, std::function<void(std::shared_ptr<const rclcpp::SerializedMessage>, const rclcpp::MessageInfo&)>, std::function<void(const std::shared_ptr<const livox_ros_driver2::CustomMsg_<std::allocator<void> > >&)>, std::function<void(const std::shared_ptr<const livox_ros_driver2::CustomMsg_<std::allocator<void> > >&, const rclcpp::MessageInfo&)>, std::function<void(const std::shared_ptr<const rclcpp::SerializedMessage>&)>, std::function<void(const std::shared_ptr<const rclcpp::SerializedMessage>&, const rclcpp::MessageInfo&)>, std::function<void(std::shared_ptr<livox_ros_driver2::CustomMsg_<std::allocator<void> > >)>, std::function<void(std::shared_ptr<livox_ros_driver2::CustomMsg_<std::allocator<void> > >, const rclcpp::MessageInfo&)>, std::function<void(std::shared_ptr<rclcpp::SerializedMessage>)>, std::function<void(std::shared_ptr<rclcpp::SerializedMessage>, const rclcpp::MessageInfo&)> >::__accepted_type<_Tp&&, typename std::enable_if<__not_self<_Tp&&>, void>::type> > && is_constructible_v<std::variant<std::function<void(const livox_ros_driver2::CustomMsg_<std::allocator<void> >&)>, std::function<void(const livox_ros_driver2::CustomMsg_<std::allocator<void> >&, const rclcpp::MessageInfo&)>, std::function<void(const rclcpp::SerializedMessage&)>, std::function<void(const rclcpp::SerializedMessage&, const rclcpp::MessageInfo&)>, std::function<void(std::unique_ptr<livox_ros_driver2::CustomMsg_<std::allocator<void> >, std::default_delete<livox_ros_driver2::CustomMsg_<std::allocator<void> > > >)>, std::function<void(std::unique_ptr<livox_ros_driver2::CustomMsg_<std::allocator<void> >, std::default_delete<livox_ros_driver2::CustomMsg_<std::allocator<void> > > >, const rclcpp::MessageInfo&)>, std::function<void(std::unique_ptr<rclcpp::SerializedMessage, std::default_delete<rclcpp::SerializedMessage> >)>, std::function<void(std::unique_ptr<rclcpp::SerializedMessage, std::default_delete<rclcpp::SerializedMessage> >, const rclcpp::MessageInfo&)>, std::function<void(std::shared_ptr<const livox_ros_driver2::CustomMsg_<std::allocator<void> > >)>, std::function<void(std::shared_ptr<const livox_ros_driver2::CustomMsg_<std::allocator<void> > >, const rclcpp::MessageInfo&)>, std::function<void(std::shared_ptr<const rclcpp::SerializedMessage>)>, std::function<void(std::shared_ptr<const rclcpp::SerializedMessage>, const rclcpp::MessageInfo&)>, std::function<void(const std::shared_ptr<const livox_ros_driver2::CustomMsg_<std::allocator<void> > >&)>, std::function<void(const std::shared_ptr<const livox_ros_driver2::CustomMsg_<std::allocator<void> > >&, const rclcpp::MessageInfo&)>, std::function<void(const std::shared_ptr<const rclcpp::SerializedMessage>&)>, std::function<void(const std::shared_ptr<const rclcpp::SerializedMessage>&, const rclcpp::MessageInfo&)>, std::function<void(std::shared_ptr<livox_ros_driver2::CustomMsg_<std::allocator<void> > >)>, std::function<void(std::shared_ptr<livox_ros_driver2::CustomMsg_<std::allocator<void> > >, const rclcpp::MessageInfo&)>, std::function<void(std::shared_ptr<rclcpp::SerializedMessage>)>, std::function<void(std::shared_ptr<rclcpp::SerializedMessage>, const rclcpp::MessageInfo&)> >::__accepted_type<_Tp&&, typename std::enable_if<__not_self<_Tp&&>, void>::type>, _Tp>) && is_assignable_v<std::variant<std::function<void(const livox_ros_driver2::CustomMsg_<std::allocator<void> >&)>, std::function<void(const livox_ros_driver2::CustomMsg_<std::allocator<void> >&, const rclcpp::MessageInfo&)>, std::function<void(const rclcpp::SerializedMessage&)>, std::function<void(const rclcpp::SerializedMessage&, const rclcpp::MessageInfo&)>, std::function<void(std::unique_ptr<livox_ros_driver2::CustomMsg_<std::allocator<void> >, std::default_delete<livox_ros_driver2::CustomMsg_<std::allocator<void> > > >)>, std::function<void(std::unique_ptr<livox_ros_driver2::CustomMsg_<std::allocator<void> >, std::default_delete<livox_ros_driver2::CustomMsg_<std::allocator<void> > > >, const rclcpp::MessageInfo&)>, std::function<void(std::unique_ptr<rclcpp::SerializedMessage, std::default_delete<rclcpp::SerializedMessage> >)>, std::function<void(std::unique_ptr<rclcpp::SerializedMessage, std::default_delete<rclcpp::SerializedMessage> >, const rclcpp::MessageInfo&)>, std::function<void(std::shared_ptr<const livox_ros_driver2::CustomMsg_<std::allocator<void> > >)>, std::function<void(std::shared_ptr<const livox_ros_driver2::CustomMsg_<std::allocator<void> > >, const rclcpp::MessageInfo&)>, std::function<void(std::shared_ptr<const rclcpp::SerializedMessage>)>, std::function<void(std::shared_ptr<const rclcpp::SerializedMessage>, const rclcpp::MessageInfo&)>, std::function<void(const std::shared_ptr<const livox_ros_driver2::CustomMsg_<std::allocator<void> > >&)>, std::function<void(const std::shared_ptr<const livox_ros_driver2::CustomMsg_<std::allocator<void> > >&, const rclcpp::MessageInfo&)>, std::function<void(const std::shared_ptr<const rclcpp::SerializedMessage>&)>, std::function<void(const std::shared_ptr<const rclcpp::SerializedMessage>&, const rclcpp::MessageInfo&)>, std::function<void(std::shared_ptr<livox_ros_driver2::CustomMsg_<std::allocator<void> > >)>, std::function<void(std::shared_ptr<livox_ros_driver2::CustomMsg_<std::allocator<void> > >, const rclcpp::MessageInfo&)>, std::function<void(std::shared_ptr<rclcpp::SerializedMessage>)>, std::function<void(std::shared_ptr<rclcpp::SerializedMessage>, const rclcpp::MessageInfo&)> >::__accepted_type<_Tp&&, typename std::enable_if<__not_self<_Tp&&>, void>::type>&, _Tp>), std::variant<std::function<void(const livox_ros_driver2::CustomMsg_<std::allocator<void> >&)>, std::function<void(const livox_ros_driver2::CustomMsg_<std::allocator<void> >&, const rclcpp::MessageInfo&)>, std::function<void(const rclcpp::SerializedMessage&)>, std::function<void(const rclcpp::SerializedMessage&, const rclcpp::MessageInfo&)>, std::function<void(std::unique_ptr<livox_ros_driver2::CustomMsg_<std::allocator<void> >, std::default_delete<livox_ros_driver2::CustomMsg_<std::allocator<void> > > >)>, std::function<void(std::unique_ptr<livox_ros_driver2::CustomMsg_<std::allocator<void> >, std::default_delete<livox_ros_driver2::CustomMsg_<std::allocator<void> > > >, const rclcpp::MessageInfo&)>, std::function<void(std::unique_ptr<rclcpp::SerializedMessage, std::default_delete<rclcpp::SerializedMessage> >)>, std::function<void(std::unique_ptr<rclcpp::SerializedMessage, std::default_delete<rclcpp::SerializedMessage> >, const rclcpp::MessageInfo&)>, std::function<void(std::shared_ptr<const livox_ros_driver2::CustomMsg_<std::allocator<void> > >)>, std::function<void(std::shared_ptr<const livox_ros_driver2::CustomMsg_<std::allocator<void> > >, const rclcpp::MessageInfo&)>, std::function<void(std::shared_ptr<const rclcpp::SerializedMessage>)>, std::function<void(std::shared_ptr<const rclcpp::SerializedMessage>, const rclcpp::MessageInfo&)>, std::function<void(const std::shared_ptr<const livox_ros_driver2::CustomMsg_<std::allocator<void> > >&)>, std::function<void(const std::shared_ptr<const livox_ros_driver2::CustomMsg_<std::allocator<void> > >&, const rclcpp::MessageInfo&)>, std::function<void(const std::shared_ptr<const rclcpp::SerializedMessage>&)>, std::function<void(const std::shared_ptr<const rclcpp::SerializedMessage>&, const rclcpp::MessageInfo&)>, std::function<void(std::shared_ptr<livox_ros_driver2::CustomMsg_<std::allocator<void> > >)>, std::function<void(std::shared_ptr<livox_ros_driver2::CustomMsg_<std::allocator<void> > >, const rclcpp::MessageInfo&)>, std::function<void(std::shared_ptr<rclcpp::SerializedMessage>)>, std::function<void(std::shared_ptr<rclcpp::SerializedMessage>, const rclcpp::MessageInfo&)> >&> std::variant<std::function<void(const livox_ros_driver2::CustomMsg_<std::allocator<void> >&)>, std::function<void(const livox_ros_driver2::CustomMsg_<std::allocator<void> >&, const rclcpp::MessageInfo&)>, std::function<void(const rclcpp::SerializedMessage&)>, std::function<void(const rclcpp::SerializedMessage&, const rclcpp::MessageInfo&)>, std::function<void(std::unique_ptr<livox_ros_driver2::CustomMsg_<std::allocator<void> >, std::default_delete<livox_ros_driver2::CustomMsg_<std::allocator<void> > > >)>, std::function<void(std::unique_ptr<livox_ros_driver2::CustomMsg_<std::allocator<void> >, std::default_delete<livox_ros_driver2::CustomMsg_<std::allocator<void> > > >, const rclcpp::MessageInfo&)>, std::function<void(std::unique_ptr<rclcpp::SerializedMessage, std::default_delete<rclcpp::SerializedMessage> >)>, std::function<void(std::unique_ptr<rclcpp::SerializedMessage, std::default_delete<rclcpp::SerializedMessage> >, const rclcpp::MessageInfo&)>, std::function<void(std::shared_ptr<const livox_ros_driver2::CustomMsg_<std::allocator<void> > >)>, std::function<void(std::shared_ptr<const livox_ros_driver2::CustomMsg_<std::allocator<void> > >, const rclcpp::MessageInfo&)>, std::function<void(std::shared_ptr<const rclcpp::SerializedMessage>)>, std::function<void(std::shared_ptr<const rclcpp::SerializedMessage>, const rclcpp::MessageInfo&)>, std::function<void(const std::shared_ptr<const livox_ros_driver2::CustomMsg_<std::allocator<void> > >&)>, std::function<void(const std::shared_ptr<const livox_ros_driver2::CustomMsg_<std::allocator<void> > >&, const rclcpp::MessageInfo&)>, std::function<void(const std::shared_ptr<const rclcpp::SerializedMessage>&)>, std::function<void(const std::shared_ptr<const rclcpp::SerializedMessage>&, const rclcpp::MessageInfo&)>, std::function<void(std::shared_ptr<livox_ros_driver2::CustomMsg_<std::allocator<void> > >)>, std::function<void(std::shared_ptr<livox_ros_driver2::CustomMsg_<std::allocator<void> > >, const rclcpp::MessageInfo&)>, std::function<void(std::shared_ptr<rclcpp::SerializedMessage>)>, std::function<void(std::shared_ptr<rclcpp::SerializedMessage>, const rclcpp::MessageInfo&)> >::operator=<_Tp>(_Tp&&) [with _Tp = std::function<void(const std::shared_ptr<livox_ros_driver2::CustomMsg_<std::allocator<void> > >&)>][m[K’
[11.705s] [01m[K/opt/ros/humble/include/rclcpp/rclcpp/any_subscription_callback.hpp:394:25:[m[K   required from ‘[01m[Krclcpp::AnySubscriptionCallback<MessageT, AllocatorT> rclcpp::AnySubscriptionCallback<MessageT, AllocatorT>::set(CallbackT) [with CallbackT = std::_Bind<void (ImageProjection::*(ImageProjection*, std::_Placeholder<1>))(const std::shared_ptr<livox_ros_driver2::CustomMsg_<std::allocator<void> > >&)>; MessageT = livox_ros_driver2::CustomMsg_<std::allocator<void> >; AllocatorT = std::allocator<void>][m[K’
[11.705s] [01m[K/opt/ros/humble/include/rclcpp/rclcpp/subscription_factory.hpp:94:32:[m[K   required from ‘[01m[Krclcpp::SubscriptionFactory rclcpp::create_subscription_factory(CallbackT&&, const rclcpp::SubscriptionOptionsWithAllocator<AllocatorT>&, typename MessageMemoryStrategyT::SharedPtr, std::shared_ptr<rclcpp::topic_statistics::SubscriptionTopicStatistics<ROSMessageType> >) [with MessageT = livox_ros_driver2::CustomMsg_<std::allocator<void> >; CallbackT = std::_Bind<void (ImageProjection::*(ImageProjection*, std::_Placeholder<1>))(const std::shared_ptr<livox_ros_driver2::CustomMsg_<std::allocator<void> > >&)>; AllocatorT = std::allocator<void>; SubscriptionT = rclcpp::Subscription<livox_ros_driver2::CustomMsg_<std::allocator<void> > >; MessageMemoryStrategyT = rclcpp::message_memory_strategy::MessageMemoryStrategy<livox_ros_driver2::CustomMsg_<std::allocator<void> >, std::allocator<void> >; ROSMessageType = livox_ros_driver2::CustomMsg_<std::allocator<void> >; typename MessageMemoryStrategyT::SharedPtr = std::shared_ptr<rclcpp::message_memory_strategy::MessageMemoryStrategy<livox_ros_driver2::CustomMsg_<std::allocator<void> >, std::allocator<void> > >][m[K’
[11.705s] [01m[K/opt/ros/humble/include/rclcpp/rclcpp/create_subscription.hpp:122:63:[m[K   required from ‘[01m[Kstd::shared_ptr<ROSMessageT> rclcpp::detail::create_subscription(NodeParametersT&, NodeTopicsT&, const string&, const rclcpp::QoS&, CallbackT&&, const rclcpp::SubscriptionOptionsWithAllocator<AllocatorT>&, typename MessageMemoryStrategyT::SharedPtr) [with MessageT = livox_ros_driver2::CustomMsg_<std::allocator<void> >; CallbackT = std::_Bind<void (ImageProjection::*(ImageProjection*, std::_Placeholder<1>))(const std::shared_ptr<livox_ros_driver2::CustomMsg_<std::allocator<void> > >&)>; AllocatorT = std::allocator<void>; SubscriptionT = rclcpp::Subscription<livox_ros_driver2::CustomMsg_<std::allocator<void> > >; MessageMemoryStrategyT = rclcpp::message_memory_strategy::MessageMemoryStrategy<livox_ros_driver2::CustomMsg_<std::allocator<void> >, std::allocator<void> >; NodeParametersT = rclcpp::Node; NodeTopicsT = rclcpp::Node; ROSMessageType = livox_ros_driver2::CustomMsg_<std::allocator<void> >; std::string = std::__cxx11::basic_string<char>; typename MessageMemoryStrategyT::SharedPtr = std::shared_ptr<rclcpp::message_memory_strategy::MessageMemoryStrategy<livox_ros_driver2::CustomMsg_<std::allocator<void> >, std::allocator<void> > >][m[K’
[11.705s] [01m[K/opt/ros/humble/include/rclcpp/rclcpp/create_subscription.hpp:191:76:[m[K   required from ‘[01m[Kstd::shared_ptr<ROSMessageT> rclcpp::create_subscription(NodeT&, const string&, const rclcpp::QoS&, CallbackT&&, const rclcpp::SubscriptionOptionsWithAllocator<AllocatorT>&, typename MessageMemoryStrategyT::SharedPtr) [with MessageT = livox_ros_driver2::CustomMsg_<std::allocator<void> >; CallbackT = std::_Bind<void (ImageProjection::*(ImageProjection*, std::_Placeholder<1>))(const std::shared_ptr<livox_ros_driver2::CustomMsg_<std::allocator<void> > >&)>; AllocatorT = std::allocator<void>; SubscriptionT = rclcpp::Subscription<livox_ros_driver2::CustomMsg_<std::allocator<void> > >; MessageMemoryStrategyT = rclcpp::message_memory_strategy::MessageMemoryStrategy<livox_ros_driver2::CustomMsg_<std::allocator<void> >, std::allocator<void> >; NodeT = rclcpp::Node; std::string = std::__cxx11::basic_string<char>; typename MessageMemoryStrategyT::SharedPtr = std::shared_ptr<rclcpp::message_memory_strategy::MessageMemoryStrategy<livox_ros_driver2::CustomMsg_<std::allocator<void> >, std::allocator<void> > >][m[K’
[11.705s] [01m[K/opt/ros/humble/include/rclcpp/rclcpp/node_impl.hpp:99:47:[m[K   required from ‘[01m[Kstd::shared_ptr<ROSMessageT> rclcpp::Node::create_subscription(const string&, const rclcpp::QoS&, CallbackT&&, const rclcpp::SubscriptionOptionsWithAllocator<AllocatorT>&, typename MessageMemoryStrategyT::SharedPtr) [with MessageT = livox_ros_driver2::CustomMsg_<std::allocator<void> >; CallbackT = std::_Bind<void (ImageProjection::*(ImageProjection*, std::_Placeholder<1>))(const std::shared_ptr<livox_ros_driver2::CustomMsg_<std::allocator<void> > >&)>; AllocatorT = std::allocator<void>; SubscriptionT = rclcpp::Subscription<livox_ros_driver2::CustomMsg_<std::allocator<void> > >; MessageMemoryStrategyT = rclcpp::message_memory_strategy::MessageMemoryStrategy<livox_ros_driver2::CustomMsg_<std::allocator<void> >, std::allocator<void> >; std::string = std::__cxx11::basic_string<char>; typename MessageMemoryStrategyT::SharedPtr = std::shared_ptr<rclcpp::message_memory_strategy::MessageMemoryStrategy<livox_ros_driver2::CustomMsg_<std::allocator<void> >, std::allocator<void> > >][m[K’
[11.705s] [01m[K/home/aria/lidarslam_ws/src/LIO-SAM/src/imageProjection.cpp:155:74:[m[K   required from here
[11.706s] [01m[K/usr/include/c++/11/variant:1375:15:[m[K [01;31m[Kerror: [m[Kno type named ‘[01m[Ktype[m[K’ in ‘[01m[Kstruct std::enable_if<false, void>[m[K’
[11.706s]  1375 |         using [01;31m[K__accepted_type[m[K = __to_type<__accepted_index<_Tp>>;
[11.706s]       |               [01;31m[K^~~~~~~~~~~~~~~[m[K
[11.706s] /opt/ros/humble/include/rclcpp/rclcpp/any_subscription_callback.hpp: In instantiation of ‘[01m[Krclcpp::AnySubscriptionCallback<MessageT, AllocatorT> rclcpp::AnySubscriptionCallback<MessageT, AllocatorT>::set(CallbackT) [with CallbackT = std::_Bind<void (ImageProjection::*(ImageProjection*, std::_Placeholder<1>))(const std::shared_ptr<livox_ros_driver2::CustomMsg_<std::allocator<void> > >&)>; MessageT = livox_ros_driver2::CustomMsg_<std::allocator<void> >; AllocatorT = std::allocator<void>][m[K’:
[11.706s] [01m[K/opt/ros/humble/include/rclcpp/rclcpp/subscription_factory.hpp:94:32:[m[K   required from ‘[01m[Krclcpp::SubscriptionFactory rclcpp::create_subscription_factory(CallbackT&&, const rclcpp::SubscriptionOptionsWithAllocator<AllocatorT>&, typename MessageMemoryStrategyT::SharedPtr, std::shared_ptr<rclcpp::topic_statistics::SubscriptionTopicStatistics<ROSMessageType> >) [with MessageT = livox_ros_driver2::CustomMsg_<std::allocator<void> >; CallbackT = std::_Bind<void (ImageProjection::*(ImageProjection*, std::_Placeholder<1>))(const std::shared_ptr<livox_ros_driver2::CustomMsg_<std::allocator<void> > >&)>; AllocatorT = std::allocator<void>; SubscriptionT = rclcpp::Subscription<livox_ros_driver2::CustomMsg_<std::allocator<void> > >; MessageMemoryStrategyT = rclcpp::message_memory_strategy::MessageMemoryStrategy<livox_ros_driver2::CustomMsg_<std::allocator<void> >, std::allocator<void> >; ROSMessageType = livox_ros_driver2::CustomMsg_<std::allocator<void> >; typename MessageMemoryStrategyT::SharedPtr = std::shared_ptr<rclcpp::message_memory_strategy::MessageMemoryStrategy<livox_ros_driver2::CustomMsg_<std::allocator<void> >, std::allocator<void> > >][m[K’
[11.706s] [01m[K/opt/ros/humble/include/rclcpp/rclcpp/create_subscription.hpp:122:63:[m[K   required from ‘[01m[Kstd::shared_ptr<ROSMessageT> rclcpp::detail::create_subscription(NodeParametersT&, NodeTopicsT&, const string&, const rclcpp::QoS&, CallbackT&&, const rclcpp::SubscriptionOptionsWithAllocator<AllocatorT>&, typename MessageMemoryStrategyT::SharedPtr) [with MessageT = livox_ros_driver2::CustomMsg_<std::allocator<void> >; CallbackT = std::_Bind<void (ImageProjection::*(ImageProjection*, std::_Placeholder<1>))(const std::shared_ptr<livox_ros_driver2::CustomMsg_<std::allocator<void> > >&)>; AllocatorT = std::allocator<void>; SubscriptionT = rclcpp::Subscription<livox_ros_driver2::CustomMsg_<std::allocator<void> > >; MessageMemoryStrategyT = rclcpp::message_memory_strategy::MessageMemoryStrategy<livox_ros_driver2::CustomMsg_<std::allocator<void> >, std::allocator<void> >; NodeParametersT = rclcpp::Node; NodeTopicsT = rclcpp::Node; ROSMessageType = livox_ros_driver2::CustomMsg_<std::allocator<void> >; std::string = std::__cxx11::basic_string<char>; typename MessageMemoryStrategyT::SharedPtr = std::shared_ptr<rclcpp::message_memory_strategy::MessageMemoryStrategy<livox_ros_driver2::CustomMsg_<std::allocator<void> >, std::allocator<void> > >][m[K’
[11.706s] [01m[K/opt/ros/humble/include/rclcpp/rclcpp/create_subscription.hpp:191:76:[m[K   required from ‘[01m[Kstd::shared_ptr<ROSMessageT> rclcpp::create_subscription(NodeT&, const string&, const rclcpp::QoS&, CallbackT&&, const rclcpp::SubscriptionOptionsWithAllocator<AllocatorT>&, typename MessageMemoryStrategyT::SharedPtr) [with MessageT = livox_ros_driver2::CustomMsg_<std::allocator<void> >; CallbackT = std::_Bind<void (ImageProjection::*(ImageProjection*, std::_Placeholder<1>))(const std::shared_ptr<livox_ros_driver2::CustomMsg_<std::allocator<void> > >&)>; AllocatorT = std::allocator<void>; SubscriptionT = rclcpp::Subscription<livox_ros_driver2::CustomMsg_<std::allocator<void> > >; MessageMemoryStrategyT = rclcpp::message_memory_strategy::MessageMemoryStrategy<livox_ros_driver2::CustomMsg_<std::allocator<void> >, std::allocator<void> >; NodeT = rclcpp::Node; std::string = std::__cxx11::basic_string<char>; typename MessageMemoryStrategyT::SharedPtr = std::shared_ptr<rclcpp::message_memory_strategy::MessageMemoryStrategy<livox_ros_driver2::CustomMsg_<std::allocator<void> >, std::allocator<void> > >][m[K’
[11.706s] [01m[K/opt/ros/humble/include/rclcpp/rclcpp/node_impl.hpp:99:47:[m[K   required from ‘[01m[Kstd::shared_ptr<ROSMessageT> rclcpp::Node::create_subscription(const string&, const rclcpp::QoS&, CallbackT&&, const rclcpp::SubscriptionOptionsWithAllocator<AllocatorT>&, typename MessageMemoryStrategyT::SharedPtr) [with MessageT = livox_ros_driver2::CustomMsg_<std::allocator<void> >; CallbackT = std::_Bind<void (ImageProjection::*(ImageProjection*, std::_Placeholder<1>))(const std::shared_ptr<livox_ros_driver2::CustomMsg_<std::allocator<void> > >&)>; AllocatorT = std::allocator<void>; SubscriptionT = rclcpp::Subscription<livox_ros_driver2::CustomMsg_<std::allocator<void> > >; MessageMemoryStrategyT = rclcpp::message_memory_strategy::MessageMemoryStrategy<livox_ros_driver2::CustomMsg_<std::allocator<void> >, std::allocator<void> >; std::string = std::__cxx11::basic_string<char>; typename MessageMemoryStrategyT::SharedPtr = std::shared_ptr<rclcpp::message_memory_strategy::MessageMemoryStrategy<livox_ros_driver2::CustomMsg_<std::allocator<void> >, std::allocator<void> > >][m[K’
[11.706s] [01m[K/home/aria/lidarslam_ws/src/LIO-SAM/src/imageProjection.cpp:155:74:[m[K   required from here
[11.706s] [01m[K/usr/include/c++/11/variant:1398:16:[m[K [01;36m[Knote: [m[Kcandidate: ‘[01m[Kstd::variant<_Types>& std::variant<_Types>::operator=(const std::variant<_Types>&) [with _Types = {std::function<void(const livox_ros_driver2::CustomMsg_<std::allocator<void> >&)>, std::function<void(const livox_ros_driver2::CustomMsg_<std::allocator<void> >&, const rclcpp::MessageInfo&)>, std::function<void(const rclcpp::SerializedMessage&)>, std::function<void(const rclcpp::SerializedMessage&, const rclcpp::MessageInfo&)>, std::function<void(std::unique_ptr<livox_ros_driver2::CustomMsg_<std::allocator<void> >, std::default_delete<livox_ros_driver2::CustomMsg_<std::allocator<void> > > >)>, std::function<void(std::unique_ptr<livox_ros_driver2::CustomMsg_<std::allocator<void> >, std::default_delete<livox_ros_driver2::CustomMsg_<std::allocator<void> > > >, const rclcpp::MessageInfo&)>, std::function<void(std::unique_ptr<rclcpp::SerializedMessage, std::default_delete<rclcpp::SerializedMessage> >)>, std::function<void(std::unique_ptr<rclcpp::SerializedMessage, std::default_delete<rclcpp::SerializedMessage> >, const rclcpp::MessageInfo&)>, std::function<void(std::shared_ptr<const livox_ros_driver2::CustomMsg_<std::allocator<void> > >)>, std::function<void(std::shared_ptr<const livox_ros_driver2::CustomMsg_<std::allocator<void> > >, const rclcpp::MessageInfo&)>, std::function<void(std::shared_ptr<const rclcpp::SerializedMessage>)>, std::function<void(std::shared_ptr<const rclcpp::SerializedMessage>, const rclcpp::MessageInfo&)>, std::function<void(const std::shared_ptr<const livox_ros_driver2::CustomMsg_<std::allocator<void> > >&)>, std::function<void(const std::shared_ptr<const livox_ros_driver2::CustomMsg_<std::allocator<void> > >&, const rclcpp::MessageInfo&)>, std::function<void(const std::shared_ptr<const rclcpp::SerializedMessage>&)>, std::function<void(const std::shared_ptr<const rclcpp::SerializedMessage>&, const rclcpp::MessageInfo&)>, std::function<void(std::shared_ptr<livox_ros_driver2::CustomMsg_<std::allocator<void> > >)>, std::function<void(std::shared_ptr<livox_ros_driver2::CustomMsg_<std::allocator<void> > >, const rclcpp::MessageInfo&)>, std::function<void(std::shared_ptr<rclcpp::SerializedMessage>)>, std::function<void(std::shared_ptr<rclcpp::SerializedMessage>, const rclcpp::MessageInfo&)>}][m[K’
[11.706s]  1398 |       variant& [01;36m[Koperator[m[K=(const variant&) = default;
[11.706s]       |                [01;36m[K^~~~~~~~[m[K
[11.706s] [01m[K/usr/include/c++/11/variant:1398:26:[m[K [01;36m[Knote: [m[K  no known conversion for argument 1 from ‘[01m[Krclcpp::detail::SubscriptionCallbackTypeHelper<livox_ros_driver2::CustomMsg_<std::allocator<void> >, std::_Bind<void (ImageProjection::*(ImageProjection*, std::_Placeholder<1>))(const std::shared_ptr<livox_ros_driver2::CustomMsg_<std::allocator<void> > >&)>, void>::callback_type[m[K’ {aka ‘[01m[Kstd::function<void(const std::shared_ptr<livox_ros_driver2::CustomMsg_<std::allocator<void> > >&)>[m[K’} to ‘[01m[Kconst std::variant<std::function<void(const livox_ros_driver2::CustomMsg_<std::allocator<void> >&)>, std::function<void(const livox_ros_driver2::CustomMsg_<std::allocator<void> >&, const rclcpp::MessageInfo&)>, std::function<void(const rclcpp::SerializedMessage&)>, std::function<void(const rclcpp::SerializedMessage&, const rclcpp::MessageInfo&)>, std::function<void(std::unique_ptr<livox_ros_driver2::CustomMsg_<std::allocator<void> >, std::default_delete<livox_ros_driver2::CustomMsg_<std::allocator<void> > > >)>, std::function<void(std::unique_ptr<livox_ros_driver2::CustomMsg_<std::allocator<void> >, std::default_delete<livox_ros_driver2::CustomMsg_<std::allocator<void> > > >, const rclcpp::MessageInfo&)>, std::function<void(std::unique_ptr<rclcpp::SerializedMessage, std::default_delete<rclcpp::SerializedMessage> >)>, std::function<void(std::unique_ptr<rclcpp::SerializedMessage, std::default_delete<rclcpp::SerializedMessage> >, const rclcpp::MessageInfo&)>, std::function<void(std::shared_ptr<const livox_ros_driver2::CustomMsg_<std::allocator<void> > >)>, std::function<void(std::shared_ptr<const livox_ros_driver2::CustomMsg_<std::allocator<void> > >, const rclcpp::MessageInfo&)>, std::function<void(std::shared_ptr<const rclcpp::SerializedMessage>)>, std::function<void(std::shared_ptr<const rclcpp::SerializedMessage>, const rclcpp::MessageInfo&)>, std::function<void(const std::shared_ptr<const livox_ros_driver2::CustomMsg_<std::allocator<void> > >&)>, std::function<void(const std::shared_ptr<const livox_ros_driver2::CustomMsg_<std::allocator<void> > >&, const rclcpp::MessageInfo&)>, std::function<void(const std::shared_ptr<const rclcpp::SerializedMessage>&)>, std::function<void(const std::shared_ptr<const rclcpp::SerializedMessage>&, const rclcpp::MessageInfo&)>, std::function<void(std::shared_ptr<livox_ros_driver2::CustomMsg_<std::allocator<void> > >)>, std::function<void(std::shared_ptr<livox_ros_driver2::CustomMsg_<std::allocator<void> > >, const rclcpp::MessageInfo&)>, std::function<void(std::shared_ptr<rclcpp::SerializedMessage>)>, std::function<void(std::shared_ptr<rclcpp::SerializedMessage>, const rclcpp::MessageInfo&)> >&[m[K’
[11.706s]  1398 |       variant& operator=([01;36m[Kconst variant&[m[K) = default;
[11.706s]       |                          [01;36m[K^~~~~~~~~~~~~~[m[K
[11.706s] [01m[K/usr/include/c++/11/variant:1399:16:[m[K [01;36m[Knote: [m[Kcandidate: ‘[01m[Kstd::variant<_Types>& std::variant<_Types>::operator=(std::variant<_Types>&&) [with _Types = {std::function<void(const livox_ros_driver2::CustomMsg_<std::allocator<void> >&)>, std::function<void(const livox_ros_driver2::CustomMsg_<std::allocator<void> >&, const rclcpp::MessageInfo&)>, std::function<void(const rclcpp::SerializedMessage&)>, std::function<void(const rclcpp::SerializedMessage&, const rclcpp::MessageInfo&)>, std::function<void(std::unique_ptr<livox_ros_driver2::CustomMsg_<std::allocator<void> >, std::default_delete<livox_ros_driver2::CustomMsg_<std::allocator<void> > > >)>, std::function<void(std::unique_ptr<livox_ros_driver2::CustomMsg_<std::allocator<void> >, std::default_delete<livox_ros_driver2::CustomMsg_<std::allocator<void> > > >, const rclcpp::MessageInfo&)>, std::function<void(std::unique_ptr<rclcpp::SerializedMessage, std::default_delete<rclcpp::SerializedMessage> >)>, std::function<void(std::unique_ptr<rclcpp::SerializedMessage, std::default_delete<rclcpp::SerializedMessage> >, const rclcpp::MessageInfo&)>, std::function<void(std::shared_ptr<const livox_ros_driver2::CustomMsg_<std::allocator<void> > >)>, std::function<void(std::shared_ptr<const livox_ros_driver2::CustomMsg_<std::allocator<void> > >, const rclcpp::MessageInfo&)>, std::function<void(std::shared_ptr<const rclcpp::SerializedMessage>)>, std::function<void(std::shared_ptr<const rclcpp::SerializedMessage>, const rclcpp::MessageInfo&)>, std::function<void(const std::shared_ptr<const livox_ros_driver2::CustomMsg_<std::allocator<void> > >&)>, std::function<void(const std::shared_ptr<const livox_ros_driver2::CustomMsg_<std::allocator<void> > >&, const rclcpp::MessageInfo&)>, std::function<void(const std::shared_ptr<const rclcpp::SerializedMessage>&)>, std::function<void(const std::shared_ptr<const rclcpp::SerializedMessage>&, const rclcpp::MessageInfo&)>, std::function<void(std::shared_ptr<livox_ros_driver2::CustomMsg_<std::allocator<void> > >)>, std::function<void(std::shared_ptr<livox_ros_driver2::CustomMsg_<std::allocator<void> > >, const rclcpp::MessageInfo&)>, std::function<void(std::shared_ptr<rclcpp::SerializedMessage>)>, std::function<void(std::shared_ptr<rclcpp::SerializedMessage>, const rclcpp::MessageInfo&)>}][m[K’
[11.706s]  1399 |       variant& [01;36m[Koperator[m[K=(variant&&) = default;
[11.706s]       |                [01;36m[K^~~~~~~~[m[K
[11.707s] [01m[K/usr/include/c++/11/variant:1399:26:[m[K [01;36m[Knote: [m[K  no known conversion for argument 1 from ‘[01m[Krclcpp::detail::SubscriptionCallbackTypeHelper<livox_ros_driver2::CustomMsg_<std::allocator<void> >, std::_Bind<void (ImageProjection::*(ImageProjection*, std::_Placeholder<1>))(const std::shared_ptr<livox_ros_driver2::CustomMsg_<std::allocator<void> > >&)>, void>::callback_type[m[K’ {aka ‘[01m[Kstd::function<void(const std::shared_ptr<livox_ros_driver2::CustomMsg_<std::allocator<void> > >&)>[m[K’} to ‘[01m[Kstd::variant<std::function<void(const livox_ros_driver2::CustomMsg_<std::allocator<void> >&)>, std::function<void(const livox_ros_driver2::CustomMsg_<std::allocator<void> >&, const rclcpp::MessageInfo&)>, std::function<void(const rclcpp::SerializedMessage&)>, std::function<void(const rclcpp::SerializedMessage&, const rclcpp::MessageInfo&)>, std::function<void(std::unique_ptr<livox_ros_driver2::CustomMsg_<std::allocator<void> >, std::default_delete<livox_ros_driver2::CustomMsg_<std::allocator<void> > > >)>, std::function<void(std::unique_ptr<livox_ros_driver2::CustomMsg_<std::allocator<void> >, std::default_delete<livox_ros_driver2::CustomMsg_<std::allocator<void> > > >, const rclcpp::MessageInfo&)>, std::function<void(std::unique_ptr<rclcpp::SerializedMessage, std::default_delete<rclcpp::SerializedMessage> >)>, std::function<void(std::unique_ptr<rclcpp::SerializedMessage, std::default_delete<rclcpp::SerializedMessage> >, const rclcpp::MessageInfo&)>, std::function<void(std::shared_ptr<const livox_ros_driver2::CustomMsg_<std::allocator<void> > >)>, std::function<void(std::shared_ptr<const livox_ros_driver2::CustomMsg_<std::allocator<void> > >, const rclcpp::MessageInfo&)>, std::function<void(std::shared_ptr<const rclcpp::SerializedMessage>)>, std::function<void(std::shared_ptr<const rclcpp::SerializedMessage>, const rclcpp::MessageInfo&)>, std::function<void(const std::shared_ptr<const livox_ros_driver2::CustomMsg_<std::allocator<void> > >&)>, std::function<void(const std::shared_ptr<const livox_ros_driver2::CustomMsg_<std::allocator<void> > >&, const rclcpp::MessageInfo&)>, std::function<void(const std::shared_ptr<const rclcpp::SerializedMessage>&)>, std::function<void(const std::shared_ptr<const rclcpp::SerializedMessage>&, const rclcpp::MessageInfo&)>, std::function<void(std::shared_ptr<livox_ros_driver2::CustomMsg_<std::allocator<void> > >)>, std::function<void(std::shared_ptr<livox_ros_driver2::CustomMsg_<std::allocator<void> > >, const rclcpp::MessageInfo&)>, std::function<void(std::shared_ptr<rclcpp::SerializedMessage>)>, std::function<void(std::shared_ptr<rclcpp::SerializedMessage>, const rclcpp::MessageInfo&)> >&&[m[K’
[11.707s]  1399 |       variant& operator=([01;36m[Kvariant&&[m[K) = default;
[11.707s]       |                          [01;36m[K^~~~~~~~~[m[K
[15.805s] gmake[2]: *** [CMakeFiles/lio_sam_imageProjection.dir/build.make:76: CMakeFiles/lio_sam_imageProjection.dir/src/imageProjection.cpp.o] Error 1
[15.806s] gmake[1]: *** [CMakeFiles/Makefile2:626: CMakeFiles/lio_sam_imageProjection.dir/all] Error 2
[15.806s] gmake[1]: *** Waiting for unfinished jobs....
[20.630s] [ 93%] [32m[1mLinking CXX executable lio_sam_featureExtraction[0m
[20.895s] [ 93%] Built target lio_sam_featureExtraction
[30.660s] [ 95%] [32m[1mLinking CXX executable lio_sam_imuPreintegration[0m
[31.013s] [ 95%] Built target lio_sam_imuPreintegration
[46.417s] [ 97%] [32m[1mLinking CXX executable lio_sam_mapOptimization[0m
[46.781s] /usr/bin/ld: warning: libtbb.so.2, needed by /usr/lib/x86_64-linux-gnu/libopencv_core.so.4.5.4d, may conflict with libtbb.so.12
[46.916s] [ 97%] Built target lio_sam_mapOptimization
[46.917s] gmake: *** [Makefile:146: all] Error 2
[46.919s] Invoked command in '/home/aria/lidarslam_ws/src/LIO-SAM/build/lio_sam' returned '2': CMAKE_PREFIX_PATH=/home/aria/lidarslam_ws/install/scanmatcher:/home/aria/lidarslam_ws/install/practice_package:/home/aria/lidarslam_ws/install/graph_based_slam:/home/aria/lidarslam_ws/install/ndt_omp_ros2:/home/aria/lidarslam_ws/install/my_robot_control:/home/aria/lidarslam_ws/install/my_livox_publisher:/home/aria/lidarslam_ws/install/livox_ros_driver2:/opt/ros/humble:/home/aria/lidarslam_ws/install/lio_sam:/home/aria/lidarslam_ws/install/lidarslam_msgs /usr/bin/cmake --build /home/aria/lidarslam_ws/src/LIO-SAM/build/lio_sam -- -j32 -l32
