[0.069s] DEBUG:colcon:Command line arguments: ['/usr/bin/colcon', 'build']
[0.069s] DEBUG:colcon:Parsed command line arguments: Namespace(log_base=None, log_level=None, verb_name='build', build_base='build', install_base='install', merge_install=False, symlink_install=False, test_result_base=None, continue_on_error=False, executor='parallel', parallel_workers=32, event_handlers=None, ignore_user_meta=False, metas=['./colcon.meta'], base_paths=['.'], packages_ignore=None, packages_ignore_regex=None, paths=None, packages_up_to=None, packages_up_to_regex=None, packages_above=None, packages_above_and_dependencies=None, packages_above_depth=None, packages_select_by_dep=None, packages_skip_by_dep=None, packages_skip_up_to=None, packages_select_build_failed=False, packages_skip_build_finished=False, packages_select_test_failures=False, packages_skip_test_passed=False, packages_select=None, packages_skip=None, packages_select_regex=None, packages_skip_regex=None, packages_start=None, packages_end=None, allow_overriding=[], cmake_args=None, cmake_target=None, cmake_target_skip_unavailable=False, cmake_clean_cache=False, cmake_clean_first=False, cmake_force_configure=False, ament_cmake_args=None, catkin_cmake_args=None, catkin_skip_building_tests=False, verb_parser=<colcon_defaults.argument_parser.defaults.DefaultArgumentsDecorator object at 0x7de218cf7d60>, verb_extension=<colcon_core.verb.build.BuildVerb object at 0x7de218ca8100>, main=<bound method BuildVerb.main of <colcon_core.verb.build.BuildVerb object at 0x7de218ca8100>>)
[0.163s] Level 1:colcon.colcon_core.package_discovery:discover_packages(colcon_meta) check parameters
[0.163s] Level 1:colcon.colcon_core.package_discovery:discover_packages(recursive) check parameters
[0.163s] Level 1:colcon.colcon_core.package_discovery:discover_packages(ignore) check parameters
[0.163s] Level 1:colcon.colcon_core.package_discovery:discover_packages(path) check parameters
[0.163s] Level 1:colcon.colcon_core.package_discovery:discover_packages(colcon_meta) discover
[0.163s] Level 1:colcon.colcon_core.package_discovery:discover_packages(recursive) discover
[0.163s] INFO:colcon.colcon_core.package_discovery:Crawling recursively for packages in '/home/aria/lidarslam_ws/src/LIO-SAM'
[0.163s] Level 1:colcon.colcon_core.package_identification:_identify(.) by extensions ['ignore', 'ignore_ament_install']
[0.163s] Level 1:colcon.colcon_core.package_identification:_identify(.) by extension 'ignore'
[0.164s] Level 1:colcon.colcon_core.package_identification:_identify(.) by extension 'ignore_ament_install'
[0.164s] Level 1:colcon.colcon_core.package_identification:_identify(.) by extensions ['colcon_pkg']
[0.164s] Level 1:colcon.colcon_core.package_identification:_identify(.) by extension 'colcon_pkg'
[0.164s] Level 1:colcon.colcon_core.package_identification:_identify(.) by extensions ['colcon_meta']
[0.164s] Level 1:colcon.colcon_core.package_identification:_identify(.) by extension 'colcon_meta'
[0.164s] Level 1:colcon.colcon_core.package_identification:_identify(.) by extensions ['ros']
[0.164s] Level 1:colcon.colcon_core.package_identification:_identify(.) by extension 'ros'
[0.175s] DEBUG:colcon.colcon_core.package_identification:Package '.' with type 'ros.ament_cmake' and name 'lio_sam'
[0.175s] Level 1:colcon.colcon_core.package_discovery:discover_packages(recursive) using defaults
[0.175s] Level 1:colcon.colcon_core.package_discovery:discover_packages(ignore) discover
[0.175s] Level 1:colcon.colcon_core.package_discovery:discover_packages(ignore) using defaults
[0.175s] Level 1:colcon.colcon_core.package_discovery:discover_packages(path) discover
[0.175s] Level 1:colcon.colcon_core.package_discovery:discover_packages(path) using defaults
[0.189s] Level 1:colcon.colcon_core.package_discovery:discover_packages(prefix_path) check parameters
[0.189s] Level 1:colcon.colcon_core.package_discovery:discover_packages(prefix_path) discover
[0.190s] DEBUG:colcon.colcon_installed_package_information.package_discovery:Found 12 installed packages in /home/aria/lidarslam_ws/install
[0.191s] DEBUG:colcon.colcon_installed_package_information.package_discovery:Found 271 installed packages in /opt/ros/humble
[0.192s] Level 1:colcon.colcon_core.package_discovery:discover_packages(prefix_path) using defaults
[0.221s] Level 5:colcon.colcon_core.verb:set package 'lio_sam' build argument 'cmake_args' from command line to 'None'
[0.221s] Level 5:colcon.colcon_core.verb:set package 'lio_sam' build argument 'cmake_target' from command line to 'None'
[0.221s] Level 5:colcon.colcon_core.verb:set package 'lio_sam' build argument 'cmake_target_skip_unavailable' from command line to 'False'
[0.221s] Level 5:colcon.colcon_core.verb:set package 'lio_sam' build argument 'cmake_clean_cache' from command line to 'False'
[0.221s] Level 5:colcon.colcon_core.verb:set package 'lio_sam' build argument 'cmake_clean_first' from command line to 'False'
[0.221s] Level 5:colcon.colcon_core.verb:set package 'lio_sam' build argument 'cmake_force_configure' from command line to 'False'
[0.221s] Level 5:colcon.colcon_core.verb:set package 'lio_sam' build argument 'ament_cmake_args' from command line to 'None'
[0.221s] Level 5:colcon.colcon_core.verb:set package 'lio_sam' build argument 'catkin_cmake_args' from command line to 'None'
[0.221s] Level 5:colcon.colcon_core.verb:set package 'lio_sam' build argument 'catkin_skip_building_tests' from command line to 'False'
[0.221s] DEBUG:colcon.colcon_core.verb:Building package 'lio_sam' with the following arguments: {'ament_cmake_args': None, 'build_base': '/home/aria/lidarslam_ws/src/LIO-SAM/build/lio_sam', 'catkin_cmake_args': None, 'catkin_skip_building_tests': False, 'cmake_args': None, 'cmake_clean_cache': False, 'cmake_clean_first': False, 'cmake_force_configure': False, 'cmake_target': None, 'cmake_target_skip_unavailable': False, 'install_base': '/home/aria/lidarslam_ws/src/LIO-SAM/install/lio_sam', 'merge_install': False, 'path': '/home/aria/lidarslam_ws/src/LIO-SAM', 'symlink_install': False, 'test_result_base': None}
[0.221s] INFO:colcon.colcon_core.executor:Executing jobs using 'parallel' executor
[0.222s] DEBUG:colcon.colcon_parallel_executor.executor.parallel:run_until_complete
[0.222s] INFO:colcon.colcon_ros.task.ament_cmake.build:Building ROS package in '/home/aria/lidarslam_ws/src/LIO-SAM' with build type 'ament_cmake'
[0.222s] INFO:colcon.colcon_cmake.task.cmake.build:Building CMake package in '/home/aria/lidarslam_ws/src/LIO-SAM'
[0.224s] INFO:colcon.colcon_core.plugin_system:Skipping extension 'colcon_core.shell.bat': Not used on non-Windows systems
[0.224s] INFO:colcon.colcon_core.shell:Skip shell extension 'powershell' for command environment: Not usable outside of PowerShell
[0.224s] DEBUG:colcon.colcon_core.shell:Skip shell extension 'dsv' for command environment
[0.238s] DEBUG:colcon.colcon_core.event_handler.log_command:Invoking command in '/home/aria/lidarslam_ws/src/LIO-SAM/build/lio_sam': CMAKE_PREFIX_PATH=/home/aria/lidarslam_ws/install/scanmatcher:/home/aria/lidarslam_ws/install/practice_package:/home/aria/lidarslam_ws/install/graph_based_slam:/home/aria/lidarslam_ws/install/ndt_omp_ros2:/home/aria/lidarslam_ws/install/my_robot_control:/home/aria/lidarslam_ws/install/my_livox_publisher:/home/aria/lidarslam_ws/install/livox_ros_driver2:/opt/ros/humble:/home/aria/lidarslam_ws/install/lio_sam:/home/aria/lidarslam_ws/install/lidarslam_msgs /usr/bin/cmake --build /home/aria/lidarslam_ws/src/LIO-SAM/build/lio_sam -- -j32 -l32
[44.256s] DEBUG:colcon.colcon_core.event_handler.log_command:Invoked command in '/home/aria/lidarslam_ws/src/LIO-SAM/build/lio_sam' returned '2': CMAKE_PREFIX_PATH=/home/aria/lidarslam_ws/install/scanmatcher:/home/aria/lidarslam_ws/install/practice_package:/home/aria/lidarslam_ws/install/graph_based_slam:/home/aria/lidarslam_ws/install/ndt_omp_ros2:/home/aria/lidarslam_ws/install/my_robot_control:/home/aria/lidarslam_ws/install/my_livox_publisher:/home/aria/lidarslam_ws/install/livox_ros_driver2:/opt/ros/humble:/home/aria/lidarslam_ws/install/lio_sam:/home/aria/lidarslam_ws/install/lidarslam_msgs /usr/bin/cmake --build /home/aria/lidarslam_ws/src/LIO-SAM/build/lio_sam -- -j32 -l32
[44.316s] Level 1:colcon.colcon_core.environment:create_environment_scripts_only(lio_sam)
[44.318s] Level 1:colcon.colcon_core.environment:checking '/home/aria/lidarslam_ws/src/LIO-SAM/install/lio_sam' for CMake module files
[44.318s] Level 1:colcon.colcon_core.environment:checking '/home/aria/lidarslam_ws/src/LIO-SAM/install/lio_sam' for CMake config files
[44.319s] Level 1:colcon.colcon_core.environment:checking '/home/aria/lidarslam_ws/src/LIO-SAM/install/lio_sam/bin'
[44.319s] Level 1:colcon.colcon_core.environment:checking '/home/aria/lidarslam_ws/src/LIO-SAM/install/lio_sam/lib/pkgconfig/lio_sam.pc'
[44.319s] Level 1:colcon.colcon_core.environment:checking '/home/aria/lidarslam_ws/src/LIO-SAM/install/lio_sam/lib/python3.10/site-packages'
[44.319s] Level 1:colcon.colcon_core.environment:checking '/home/aria/lidarslam_ws/src/LIO-SAM/install/lio_sam/bin'
[44.319s] INFO:colcon.colcon_core.shell:Creating package script '/home/aria/lidarslam_ws/src/LIO-SAM/install/lio_sam/share/lio_sam/package.ps1'
[44.320s] INFO:colcon.colcon_core.shell:Creating package descriptor '/home/aria/lidarslam_ws/src/LIO-SAM/install/lio_sam/share/lio_sam/package.dsv'
[44.320s] INFO:colcon.colcon_core.shell:Creating package script '/home/aria/lidarslam_ws/src/LIO-SAM/install/lio_sam/share/lio_sam/package.sh'
[44.320s] INFO:colcon.colcon_core.shell:Creating package script '/home/aria/lidarslam_ws/src/LIO-SAM/install/lio_sam/share/lio_sam/package.bash'
[44.321s] INFO:colcon.colcon_core.shell:Creating package script '/home/aria/lidarslam_ws/src/LIO-SAM/install/lio_sam/share/lio_sam/package.zsh'
[44.321s] Level 1:colcon.colcon_core.environment:create_file_with_runtime_dependencies(/home/aria/lidarslam_ws/src/LIO-SAM/install/lio_sam/share/colcon-core/packages/lio_sam)
[44.331s] DEBUG:colcon.colcon_parallel_executor.executor.parallel:closing loop
[44.332s] DEBUG:colcon.colcon_parallel_executor.executor.parallel:loop closed
[44.332s] DEBUG:colcon.colcon_parallel_executor.executor.parallel:run_until_complete finished with '2'
[44.332s] DEBUG:colcon.colcon_core.event_reactor:joining thread
[44.335s] INFO:colcon.colcon_core.plugin_system:Skipping extension 'colcon_notification.desktop_notification.terminal_notifier': Not used on non-Darwin systems
[44.335s] INFO:colcon.colcon_core.plugin_system:Skipping extension 'colcon_notification.desktop_notification.win32': Not used on non-Windows systems
[44.336s] INFO:colcon.colcon_notification.desktop_notification:Sending desktop notification using 'notify2'
[44.342s] DEBUG:colcon.colcon_core.event_reactor:joined thread
[44.343s] INFO:colcon.colcon_core.shell:Creating prefix script '/home/aria/lidarslam_ws/src/LIO-SAM/install/local_setup.ps1'
[44.344s] INFO:colcon.colcon_core.shell:Creating prefix util module '/home/aria/lidarslam_ws/src/LIO-SAM/install/_local_setup_util_ps1.py'
[44.345s] INFO:colcon.colcon_core.shell:Creating prefix chain script '/home/aria/lidarslam_ws/src/LIO-SAM/install/setup.ps1'
[44.346s] INFO:colcon.colcon_core.shell:Creating prefix script '/home/aria/lidarslam_ws/src/LIO-SAM/install/local_setup.sh'
[44.347s] INFO:colcon.colcon_core.shell:Creating prefix util module '/home/aria/lidarslam_ws/src/LIO-SAM/install/_local_setup_util_sh.py'
[44.347s] INFO:colcon.colcon_core.shell:Creating prefix chain script '/home/aria/lidarslam_ws/src/LIO-SAM/install/setup.sh'
[44.348s] INFO:colcon.colcon_core.shell:Creating prefix script '/home/aria/lidarslam_ws/src/LIO-SAM/install/local_setup.bash'
[44.348s] INFO:colcon.colcon_core.shell:Creating prefix chain script '/home/aria/lidarslam_ws/src/LIO-SAM/install/setup.bash'
[44.349s] INFO:colcon.colcon_core.shell:Creating prefix script '/home/aria/lidarslam_ws/src/LIO-SAM/install/local_setup.zsh'
[44.349s] INFO:colcon.colcon_core.shell:Creating prefix chain script '/home/aria/lidarslam_ws/src/LIO-SAM/install/setup.zsh'
